[Adblock Plus 2.0]
! Checksum: DpHuWGerg1YP8AkXhCFF3A
! Version: 202509301911
! Title: EasyList China
! Last modified: 30 Sep 2025 19:11 UTC
! Expires: 1 days (update frequency)
! Homepage: https://github.com/easylist/easylistchina/
!
! EasyList China subscription
!
! *** easylistchina:easylistchina.txt ***
! Chinese supplement for the EasyList filters
! License: https://easylist.to/pages/licence.html
!
! Please report any unblocked adverts or problems
! on GitHub (https://github.com/easylist/easylistchina/issues)
! or via e-mail (easylist.china@gmail.com).
!
!-----------------------General advert blocking filters-----------------------!
!------------------------General element hiding rules-------------------------!
!----------------------------------Ads-Union----------------------------------!
!
!
!long-term
!------------------------------------Popups-----------------------------------!
! Contains domain names
!----------------------Specific advert blocking filters-----------------------!
!------------------------Specific element hiding rules------------------------!
!---------------------------------CSS Whitelist-------------------------------!
!---------------------------------URL Whitelist-------------------------------!
!#0
!#17ce.com
!#18comic.org
!#2
!#3
!#4
!#58.com
!#69tang
!#7
!#8
!#91porny.com
!
!#99re.com
!#Avgle.com
!#BaiduPromotion
!
!
!#BaiduUnion
! Contains domain names
!#bejson.com
!#Bingfeng.tw
!#boylove.cc
!#Btkitty
!#Caoporn.com
!
!#china.cn
!#cilimao.one
!#CSP filters
!#ddooo.com
!#Dlkoo.cc
!#Dlkoo.com
!#Dnvod.tv
!#e
!#f
!#g
!#hboav.com
!#Hh010.com
!#hpjav.tv
!#i
!#javbooks.com
!#jokerlu
!#k
!#l
!#Mining
!#Mmvip
!#Mokeedev.com
! Specific rules for Novels
! General rules for Novels
!
!#Novels
!
!#onemanhua.com
!#Qq.com
!#Rewrite filters
!#Sejie.com
!#Sex8.cc
!
!#sihu
!#T66y.com
!#Taohuazu
!#theporn.cc
!#torrentkitty
!#u
!#v
!#webkaka.com
!#wnacg.com
!#W
!#x
!#Y
!#Z
!-----------------------------Malware Domains rules---------------------------!
!----------------------Fixed Fanboy's Social Blocking List--------------------!
!-------------------------------Fixed EasyPrivacy-----------------------------!
!---------------------------------Temporary-----------------------------------!
!----------------------------------The End------------------------------------!
||205.209.138.102^
||154.7.80.158^
||194.59.220.161^
||60.190.139.164^
||23.231.151.252^
||mikka.app^
||123456.asia^
||ych.asia^
||cdn.wuyou.ca^
||1l1.cc^
||7299tu75.cc^
||adfjxsrw.cc^
||aiwen.cc^
||ggjs.d17.cc^
||googlehm.cc^
||mo.gushiji.cc^
||hebaidu.cc^
||mttpsy6666.cc^
||tu1500919341.cc^
||tu3168509469.cc^
||tu3921276844.cc^
||tu4038097360.cc^
||tu6767109513.cc^
||vvadz.cc^
||xinju.cc^
||xitongku.cc^
||yhtpsy8888.cc^
||bd1.yidu.cc^
||dm.zjut.cc^
||1017.cn^
||bdad.123pan.cn^
||ent1.12584.cn^
||gcw*.2liang.cn^
||2ueb.cn^
||d1.3158.cn^
||cientch.360doc.cn^
||hcirentgh.360doc.cn^
||hjkhxfh.360doc.cn^
||nxet1.360doc.cn^
||tf.360.cn^
||3ml8v.cn^
||a1.51shiti.cn^
||1.51sxue.cn^
||3.5646.cn^
||er.5ykj.cn^
||m5.66077.cn^
||1.66law.cn^
||6u2h.cn^
||1.78500.cn^
||8ff0.cn^
||8xly.cn^
||8y3j.cn^
||a.91nets.cn^
||a1.99933.cn^
||a1.99966.cn^
||aapj.cn^
||aaqaz.cn^
||abjalrq.cn^
||adzp.cn^
||afce.cn^
||afno.cn^
||bd.ahsrst.cn^
||ajua.cn^
||bd-china-1.appmobile.cn^
||cnbd1.appmobile.cn^
||jbdch1.appmobile.cn^
||so.auto999.cn^
||avkd.cn^
||az75h.cn^
||acodes.b2b.cn^
||pic.baihuawen.cn^
||a1.bajiu.cn^
||a.bake818.cn^
||j.baminw.cn^
||cpro.bdrmb.cn^
||bebx.cn^
||bekd.cn^
||a.bfking.cn^
||bhaoea.cn^
||bkox.cn^
||bkqa.cn^
||bpuf.cn^
||budl.cn^
||bvek.cn^
||bvzc.cn^
||bxhm.cn^
||a.bxwblog.cn^
||wap001.bytravel.cn^
||ad.cdnjm.cn^
||cduy.cn^
||h1.cfxinxi.cn^
||domain1.chahaoba.cn^
||bdasd.chdbook.cn^
||c1.china.cn^
||chushoushijian.cn^
||wuliao.chzsport.cn^
||3.cjcp.cn^
||cmna.cn^
||abc.colayun.cn^
||1.11130.com.cn^
||7791.com.cn^
||7car.com.cn^
||11.96131.com.cn^
||whfpbc.99.com.cn^
||n.baminw.com.cn^
||1.bh5.com.cn^
||bdasd.chinabig.com.cn^
||same.chinadaily.com.cn^
||union.china.com.cn^
||bd1.click.com.cn^
||jc1.dayfund.com.cn^
||eap.big5.enorth.com.cn^
||eap.enorth.com.cn^
||jquery.envi-met.com.cn^
||fanyi100.com.cn^
||go.hangzhou.com.cn^
||hy.huangye88.com.cn^
||mwzbp.iask.com.cn^
||z1.pclady.com.cn^
||ivy.pconline.com.cn^
||matwbp.iask.sina.com.cn^
||p4p.sina.com.cn^
||uc9.suinidai.com.cn^
||wm.szdushi.com.cn^
||a1.tbuz.com.cn^
||bdcpro*.techweb.com.cn^
||1.v-x.com.cn^
||ctc.weather.com.cn^
||mc.weather.com.cn^
||poster.weather.com.cn^
||d0.xcar.com.cn^
||pics.xgo-img.com.cn^
||t1.xuefen.com.cn^
||milk.yesky.com.cn^
||ysdm*.ys137.com.cn^
||1.yxzw.com.cn^
||1.zhev.com.cn^
||p.zol-img.com.cn^
||cpro.zol.com.cn^
||conyz.cn^
||bdu1.coozhi.cn^
||cuqpi.cn^
||c1.czcol.cn^
||js1.dadiniu.cn^
||adf.dahe.cn^
||daiitmk.cn^
||bdjs.daziba.cn^
||dbvo.cn^
||dchdmhf.cn^
||ddow.cn^
||dm1.ddwk8.cn^
||bd.dhsz.cn^
||diav.cn^
||dlig.cn^
||dryvoa.cn^
||dtths.cn^
||dvgr.cn^
||dvuz.cn^
||dykyvy.cn^
||by.dyq.cn^
||hl.dyq.cn^
||ebcf.cn^
||ebrid.cn^
||jb.ecar168.cn^
||eelw.cn^
||efxh.cn^
||ehmhqcn.cn^
||ejti.cn^
||eknz.cn^
||ekzf.cn^
||emsq.cn^
||enbg.cn^
||engq.cn^
||etbh.cn^
||evkc.cn^
||ewbs.cn^
||ewdk.cn^
||ewgu.cn^
||ewvz.cn^
||exoh.cn^
||exvl.cn^
||eyhv.cn^
||fakxqq.cn^
||fdbv.cn^
||ffxe.cn^
||fidk.cn^
||a1.firefoxchina.cn^
||bd1.flfgw.cn^
||adv-sv-show.focus.cn^
||bdu.focus.cn^
||fqbr.cn^
||frhopo.cn^
||jiaoben.ganji.cn^
||static.gaomaer.cn^
||images8.gaotie.cn^
||gavm.cn^
||geih.cn^
||ghrs.cn^
||gkxqt.cn^
||1.glook.cn^
||ad.gmw.cn^
||godloveme.cn^
||gotadd.cn^
||gqoi.cn^
||bd1.guancha.cn^
||bdjs.guangyuanol.cn^
||gucx.cn^
||abcdcfasda.gushiwen.cn^
||enennsa.gushiwen.cn^
||gusp.cn^
||gxam.cn^
||a.hbf23.cn^
||hdjthzg.cn^
||hllu.cn^
||g.hsw.cn^
||1.i999d.cn^
||iafg.cn^
||ibyrwvi.cn^
||moon.ibytecdn.cn^
||icjl.cn^
||ieix.cn^
||ifej.cn^
||ifje.cn^
||ifoh.cn^
||ifqn.cn^
||igtx.cn^
||ihgm.cn^
||iiwk.cn^
||ijyj.cn^
||ilcq.cn^
||a.imgso.cn^
||irkp.cn^
||irlj.cn^
||irzi.cn^
||display.itmemo.cn^
||iutq.cn^
||ivhv.cn^
||ivvn.cn^
||pro.iweihai.cn^
||iwhp.cn^
||iwqx.cn^
||ixlv.cn^
||ixoe.cn^
||ixtu.cn^
||iyof.cn^
||iyww.cn^
||iyxh.cn^
||izgl.cn^
||izjmlg.cn^
||jeyd.cn^
||jfpo.cn^
||jfqua.cn^
||jhqi.cn^
||wj.jiancai365.cn^
||1.jiqie.cn^
||jmif.cn^
||adsclick.yx.js.cn^
||jtvwbp.cn^
||css.juqingba.cn^
||wuliao.juqingba.cn^
||juqk.cn^
||o1.jyjyj.cn^
||kapkh.cn^
||kczq.cn^
||kdow.cn^
||kfvq.cn^
||kibn.cn^
||kkbnzz.cn^
||klvt.cn^
||knul.cn^
||kowj.cn^
||kqgn.cn^
||ksro.cn^
||1.kuaidiwo.cn^
||kuiv.cn^
||kvbh.cn^
||kvqp.cn^
||v1.kwpewga.cn^
||kxri.cn^
||kychq.cn^
||un1.lawyernet.cn^
||lcvl.cn^
||ldbwxo.cn^
||liog.cn^
||liqw.cn^
||a.llysc.cn^
||lnwe.cn^
||lrphk.cn^
||lrta.cn^
||lutn.cn^
||lvnr.cn^
||lvqg.cn^
||lvqo.cn^
||lvrq.cn^
||lvsm.cn^
||a.lz13.cn^
||g.lznews.cn^
||lzov.cn^
||xc.macd.cn^
||usejj.makepolo.cn^
||adx.mala.cn^
||hdc.maxli.cn^
||mecv.cn^
||mgux.cn^
||mhaw.cn^
||mjik.cn^
||mjvr.cn^
||mmle.cn^
||c.mnjkw.cn^
||mnru.cn^
||mnrz.cn^
||g.mnw.cn^
||mp83fkx.cn^
||muoy.cn^
||mvxh.cn^
||mxvl.cn^
||nbehzi.cn^
||ndatzo.cn^
||1.feihua.net.cn^
||nghv.cn^
||nhcdn.cn^
||nhur.cn^
||nhz6q.cn^
||nkif.cn^
||nlzyp.cn^
||nmulwz.cn^
||nrgv.cn^
||nrki.cn^
||nzoj.cn^
||z1.o8h7d.cn^
||oajv.cn^
||oaox.cn^
||ocmr.cn^
||ocvr.cn^
||odxh.cn^
||oelj.cn^
||oexk.cn^
||ofja.cn^
||ofwq.cn^
||ohqp.cn^
||ohvk.cn^
||ohwb.cn^
||oieo.cn^
||oiu09.cn^
||oizs.cn^
||ojmv.cn^
||ojxr.cn^
||okvt.cn^
||okwan.cn^
||oldh.cn^
||omxwt.cn^
||opdh.cn^
||opwc.cn^
||oqea.cn^
||bun1.dayi.org.cn^
||orpy.cn^
||orup.cn^
||osjt.cn^
||ospkm.cn^
||osxl.cn^
||otfx.cn^
||otfy.cn^
||otlj.cn^
||oxjb.cn^
||oxpgm.cn^
||oxwd.cn^
||oycf.cn^
||oyed.cn^
||oyil.cn^
||panyh123456.cn^
||ipad.pc899.cn^
||pcqhe.cn^
||pdrv.cn^
||pekr.cn^
||pfhe.cn^
||pfvufy.cn^
||phqew.cn^
||piln.cn^
||res*.pinpai8.cn^
||pisauc.cn^
||pisb.cn^
||pjcqzm.cn^
||pjwk.cn^
||bdx.playnext.cn^
||100.pncdn.cn^
||1.pncdn.cn^
||poyc.cn^
||pqav.cn^
||ptju.cn^
||pvkc.cn^
||dm.pw0.cn^
||pwvt.cn^
||pxwu.cn^
||vv1.pyhfxdm.cn^
||qaxl.cn^
||qcra.cn^
||news.qcyz.cn^
||qedgcxi.cn^
||qeih.cn^
||qidw.cn^
||qijl.cn^
||qiuxl11.cn^
||8131.qizhihaotian.cn^
||qjlo.cn^
||qjuy.cn^
||qkax.cn^
||qnhi.cn^
||qnki.cn^
||qoqg.cn^
||qpeq.cn^
||qsoc.cn^
||qtbo.cn^
||ent1.qunchua.cn^
||quyr.cn^
||qvdn.cn^
||qvir.cn^
||qwti.cn^
||rajf.cn^
||rbze.cn^
||rdoq.cn^
||rdut.cn^
||revk.cn^
||rgju.cn^
||rgme.cn^
||richh.cn^
||riht.cn^
||rinl.cn^
||riym.cn^
||rjif.cn^
||rlri.cn^
||rojj.cn^
||rpdlt.cn^
||rvxo.cn^
||rwix.cn^
||rxoi.cn^
||rxys.cn^
||s7vf.cn^
||sckfcn.cn^
||1.shopit.cn^
||mixer.sina.cn^
||sa.sina.cn^
||sioq.cn^
||siqc.cn^
||sliw.cn^
||sopqvhe.cn^
||spkh.cn^
||spoh.cn^
||sqif.cn^
||7011.stia.cn^
||sugilip.cn^
||svjj.cn^
||svnf.cn^
||syfgtby.cn^
||szapaqi.cn^
||g1.tagtic.cn^
||v1.taksh.cn^
||gg.taoseyy.cn^
||tejr.cn^
||teue.cn^
||tfio.cn^
||adpai.thepaper.cn^
||tocr.cn^
||tovbus.cn^
||tpaxot.cn^
||tpjw.cn^
||tpkv.cn^
||tpuo.cn^
||trpyceq.cn^
||tuyv.cn^
||tvce.cn^
||twho.cn^
||twlcyc.cn^
||txre.cn^
||txvq.cn^
||tzyzlow.cn^
||uaqe.cn^
||js.ubaike.cn^
||un.ubaike.cn^
||ucmx.cn^
||udxi.cn^
||udyi.cn^
||ueqo.cn^
||ufgl.cn^
||ufne.cn^
||uhyf.cn^
||bdjs.uimg.cn^
||uivc.cn^
||ujmz.cn^
||ukfp.cn^
||ulad.cn^
||uljg.cn^
||ullc.cn^
||umrr.cn^
||uoew.cn^
||uojx.cn^
||uoqc.cn^
||uowr.cn^
||uoxm.cn^
||upvx.cn^
||urkt.cn^
||utve.cn^
||uvyuqzx.cn^
||uwerpyh.cn^
||uwkz.cn^
||uxfa.cn^
||uyag.cn^
||uypg.cn^
||uyqx.cn^
||uzwx.cn^
||vasz.cn^
||vbjm.cn^
||vfsb.cn^
||vftq.cn^
||vgfj.cn^
||vgxj.cn^
||vhid.cn^
||vhje.cn^
||vjml.cn^
||vkxn.cn^
||vldp.cn^
||vmjr.cn^
||vncq.cn^
||vnig0.cn^
||vnwu.cn^
||vqle.cn^
||vqnh.cn^
||vqqf.cn^
||vqta.cn^
||vrje.cn^
||vrow.cn^
||vsct.cn^
||vtbe.cn^
||vuhf.cn^
||vuwo.cn^
||vwvj.cn^
||vxky.cn^
||vxrdwo.cn^
||vytn.cn^
||vzia.cn^
||k1.wanwenwan.cn^
||data.waptime.cn^
||delivery.wasu.cn^
||bd.watu.cn^
||wbe4.cn^
||manage.wdfans.cn^
||web3cdn.cn^
||cdn.wenzhangba.cn^
||weod.cn^
||wigk.cn^
||lm1.wkpcw.cn^
||wmol.cn^
||bdasd.wmxa.cn^
||bdjiaoben.wmxa.cn^
||wn6y.cn^
||wnvu.cn^
||wozlx.cn^
||wpeo.cn^
||wqrv.cn^
||wrth.cn^
||wumd.cn^
||wyvw.cn^
||xadulxs.cn^
||xaqnbj.cn^
||xbfk.cn^
||xbqm.cn^
||xdea.cn^
||xdoriq.cn^
||xfqynrp.cn^
||xiaoshuoyun.cn^
||bd1.xiby.cn^
||iads.xinmin.cn^
||hi.xiunm.cn^
||cpro.xixiliya.cn^
||miniye.xjts.cn^
||xklv.cn^
||xluz.cn^
||xn--wgvp78a61swpe6zdozj.cn^
||xoiz.cn^
||xpxi.cn^
||xpya.cn^
||xqoh.cn^
||xrus.cn^
||xsti.cn^
||xueaaaw.cn^
||xupd.cn^
||xvkz.cn^
||xwma.cn^
||yatemy.cn^
||ybcnvqf.cn^
||bdm.ye-su.cn^
||a.yellowurl.cn^
||yflieu.cn^
||yfminw.cn^
||yhrh.cn^
||yijfdsu.cn^
||yimc.cn^
||yimh.cn^
||11.yiqig.cn^
||yje912.cn^
||yl04z4v.cn^
||yoig.cn^
||yqqv.cn^
||yssryr.cn^
||yulx.cn^
||yylady.cn^
||yktj.yzz.cn^
||cdnjs.z-face.cn^
||gp.zaiyunli.cn^
||xue.zbyw.cn^
||guang1.zhakao.cn^
||zjen.cn^
||zlclgzs.cn^
||a.zuowenxuan.cn^
||5mm.zxfw5.cn^
||zxiws.cn^
||003store.com^
||00p034d0dw.com^
||bd100.010lm.com^
||o.027eat.com^
||03t441b8w.com^
||appimg.0575bbs.com^
||pic.0597kk.com^
||gg.0598yu.com^
||f1.06ps.com^
||07pv7k61z.com^
||1.07swz.com^
||0b4qu3nxa.com^
||0nkwep2fh.com^
||0rvv7l6k7g.com^
||0sg1gx04is.com^
||0vllsf2g2.com^
||0w58wpq55.com^
||0x7iufg8hy.com^
||0z3zbnbkv.com^
||1.1010pic.com^
||a.10tianqi.com^
||1.11467.com^
||11dyw.com^
||11xkkhe8hd.com^
||bdwmhz.120askimages.com^
||js1.122cha.com^
||12ybs41sa.com^
||ahm.135320.com^
||dhl.135320.com^
||14pbmfzci.com^
||15ftgllk1.com^
||1.15lu.com^
||165tchuang.com^
||177o.com^
||market.178.com^
||dm.17xuexiba.com^
||1999019.com^
||19o8hzj117.com^
||v1.19purify.com^
||1dm6ccvy8.com^
||1dor1d6vc.com^
||1k8j786ks5.com^
||1kb4atu6x.com^
||1l27pkxp5w.com^
||1lqw75ogo.com^
||1nrlydgrr.com^
||d1.1ppt.com^
||1qa5x1k5v.com^
||1qfxm8hgqd.com^
||1uo9djbnsr.com^
||1ykbpp1jx.com^
||20091222.com^
||1.201980.com^
||u1.2048sj.com^
||20wx.com^
||adshows.21cn.com^
||market.21cn.com^
||dm.21hubei.com^
||ssp.21ic.com^
||222aa333bb.com^
||bd-js1.2345.com^
||bdcode.2345.com^
||ggcode.2345.com^
||cdn93d99x0e.23bei.com^
||24y0c8hek.com^
||fxjs.2541.com^
||25662zubo23739.com^
||img.263y.com^
||js.263y.com^
||m1.27com.com^
||a1.289.com^
||28jbkeigl.com^
||c.28rv.com^
||2ld8mx979a.com^
||2lzg9mqzw.com^
||2osq127yy.com^
||2r69dkb1a.com^
||2wq9u06jq.com^
||2zjftxgl5s.com^
||301848.com^
||30qk5pvdh.com^
||mg.32r.com^
||1.32xp.com^
||3337723.com^
||3337738.com^
||33w8tdyelw.com^
||34mede82hj.com^
||bdcode.35d1.com^
||360640.com^
||p1.360soucha.com^
||3625ggtp1.com^
||static*.365inews.com^
||union*.365inews.com^
||bd1.365qilu.com^
||classic.39health.com^
||39jz.com^
||3bzsoex618.com^
||ga1.3dmgame.com^
||3exfu7vaxu.com^
||acc.3gbizhi.com^
||uu1.3gu.com^
||3hads4i5hm.com^
||3i3w8hl6do.com^
||3j1fiw14n9.com^
||3kfvgobkw.com^
||g.3lian.com^
||3pefw1lz4.com^
||3pzqcv5hc5.com^
||3rcld5y1dm.com^
||3rre9r4t2.com^
||3ryin2uj0x.com^
||img.3sjt.com^
||3vnofjidlv.com^
||3x5h6x434.com^
||3yq51wjim.com^
||43eksc8w59.com^
||44629.com^
||45yz5i35r.com^
||465k3mlo9.com^
||4aqoxkesav.com^
||a.4aqq.com^
||4bfx0u.com^
||4e9ynqm47d.com^
||4f3tsea1m.com^
||4fptsi5zxo.com^
||4fzfc1irq.com^
||4kxczstxil.com^
||4p04u96158.com^
||4rcajmf0m.com^
||4rfns9bmp1.com^
||4ufutzmihl.com^
||4v6a7i3dkz.com^
||4wg67b9vb.com^
||4wmiuiyd70.com^
||4xicd08qs.com^
||1.5000yan.com^
||tk.504pk.com^
||amradmin.5173.com^
||1.51dongshi.com^
||ghghgf.51dongshi.com^
||51dxs.com^
||fpb*.51edu.com^
||51gxqm.com^
||m1.51kaowang.com^
||dm.51okc.com^
||x1.52aoteman.com^
||5y9nfpes.52pk.com^
||adm.52swine.com^
||a.52wubi.com^
||a.52zxw.com^
||53h7rxip9.com^
||55726zubo56686.com^
||57573zubo36833.com^
||gk1.582582.com^
||58shuz.com^
||595image.com^
||59xx2yr9i.com^
||5azvpjx8xj.com^
||5d7k30pv1u.com^
||5fyme6x6uy.com^
||5gg466kzv.com^
||d1.5h.com^
||5kmqy60r7.com^
||5lf5cujc5.com^
||abcd.5lu.com^
||efgh.5lu.com^
||5mn041cdz.com^
||adjb.5nd.com^
||5pub.com^
||5uazcu2o1.com^
||cspb1.5w5w.com^
||5x17591y3b.com^
||er.5ykj.com^
||t1.612.com^
||614514.com^
||644446.com^
||64lv69ncb9.com^
||663008888.com^
||6651tp.com^
||6669667.com^
||666aa777bb.com^
||666bb777ww.com^
||bd1-china.6789.com^
||67u36vmzm.com^
||6820tp1.com^
||68287zubo85737.com^
||68s4eyiru.com^
||68yscw.com^
||6cjdya3djn.com^
||6gvg5saail.com^
||6jyi7mzae.com^
||6m8tk53pw.com^
||adm.6park.com^
||6s8w2ck1g.com^
||6t51r3ge18.com^
||6x59axt21.com^
||71lf6z67h6.com^
||73336zubo25326.com^
||75b9dfiyb.com^
||766lnwfo7h.com^
||777bb111ww.com^
||a.777n.com^
||77v6jk9itk.com^
||ac*.786ip.com^
||79181531227.com^
||7awf4fi9k7.com^
||7dgk5h1lk.com^
||7hgw85qugx.com^
||7o2l520r0a.com^
||7qxv9s5q16.com^
||7rag9q1on.com^
||7strqfn56s.com^
||7u4b8l1zt.com^
||7x9i88rvn.com^
||cp.7y7.com^
||80juqing.com^
||80ms6831o.com^
||m1.81312.com^
||cc.8181zx.com^
||d.8181zx.com^
||828guvngj1.com^
||82e9ac3c1.com^
||86aocbvvsh.com^
||ac.86huoche.com^
||876920.com^
||87uq.com^
||87y8y1pz4o.com^
||88362zubo95838.com^
||8861202.com^
||888bb555ww.com^
||888bb666cc.com^
||888xx222kk.com^
||88lmfff666.com^
||8bnouo6r6.com^
||8clkggoo62.com^
||8feichai.com^
||8jkx.com^
||8lz3swf01q.com^
||8radc6a0m2.com^
||8tbllquzr6.com^
||8v08mjri7.com^
||8x14khzwmi.com^
||8x3wolchw.com^
||8x5vviy4r2.com^
||8yd2rtikkz.com^
||bdm.911cha.com^
||b1.91jucai.com^
||zk.91post.com^
||a.91zhongkao.com^
||bdjs.91zhuti.com^
||js.92aliyun.com^
||business.92wy.com^
||93692zubo66936.com^
||94lm.com^
||95k62nnvnh.com^
||1.95ye.com^
||96382zubo66756.com^
||98158.com^
||9831tb.com^
||w18.9939.com^
||999aa666bb.com^
||999bb222ww.com^
||999xx333kk.com^
||999xx999kk.com^
||99jinpin.com^
||r.99waiyu.com^
||9clasfdc3.com^
||9e0917xf7x.com^
||9hyf6wsiv5.com^
||9l9ck7mdd2.com^
||9o29nhxgp.com^
||9oru1vh0w.com^
||a7wiuh3she.com^
||a8h4zhbmxi.com^
||aa03010iiko.com^
||aai07280mu.com^
||aai07281mu.com^
||aai07290mu.com^
||aai07291mu.com^
||aariedbtr.com^
||d.ab126.com^
||js*.abolezi.com^
||absalomcsa.com^
||jscode.acg68.com^
||achophranb.com^
||addalzq.com^
||100.admin5.com^
||aegzoils.com^
||aeinkailrupe.com^
||afgodscarpe.com^
||afrhwdumolf.com^
||afvrolvial.com^
||ssb.ah499.com^
||a1.aichagu.com^
||aillaeuyn.com^
||atiws.aipai.com^
||airakgyl.com^
||lcd.aivote.com^
||daima.aixiaola.com^
||dmym.aixyy.com^
||dmm.aizhan.com^
||dm.aizhan.com^
||1.ajiyuming.com^
||ak03150hou.com^
||ak03211hou.com^
||akhirzaea.com^
||akoo0513uis.com^
||akoo0514uis.com^
||akoo0515uis.com^
||akoo0516uis.com^
||hxbt.alading123.com^
||aldusmiskals.com^
||alimama.alicdn.com^
||atanx.alicdn.com^
||asd8900.oss-*.aliyuncs.com^
||ky891.oss-*.aliyuncs.com^
||vns86.oss-*.aliyuncs.com^
||zhizhizhizhi.oss-*.aliyuncs.com^
||dmg-dd.oss-accelerate.aliyuncs.com^
||wzjs1.oss-accelerate.aliyuncs.com^
||star-seo.oss-ap-northeast-1.aliyuncs.com^
||badding.oss-ap-southeast-1.aliyuncs.com^
||kmmgoogle.oss-ap-southeast-1.aliyuncs.com^
||darren01.oss-cn-beijing.aliyuncs.com^
||hdtu.oss-cn-beijing.aliyuncs.com^
||jpg1.oss-cn-beijing.aliyuncs.com^
||jun01.oss-cn-beijing.aliyuncs.com^
||tmea116.oss-cn-beijing.aliyuncs.com^
||video231.oss-cn-beijing.aliyuncs.com^
||xpj08.oss-cn-beijing.aliyuncs.com^
||facai383.oss-cn-guangzhou.aliyuncs.com^
||tttppp.oss-cn-guangzhou.aliyuncs.com^
||alime-pic.oss-cn-hangzhou.aliyuncs.com^
||mobantong.oss-cn-hangzhou.aliyuncs.com^
||aixuntupian.oss-cn-hongkong.aliyuncs.com^
||dongtukj.oss-cn-hongkong.aliyuncs.com^
||first-hufu.oss-cn-shanghai.aliyuncs.com^
||free-cdn.oss-cn-shanghai.aliyuncs.com^
||sz88.oss-cn-shenzhen.aliyuncs.com^
||shaquevip.oss-cn-zhangjiakou.aliyuncs.com^
||alternatee23.com^
||altolsqy.com^
||ancelsqpv.com^
||anhj4arn4.com^
||anzeretp.com^
||ao5yygeilh.com^
||apis301.com^
||fpb1.apple886.com^
||aqxh9x1o7m.com^
||a.armystar.com^
||1.arpun.com^
||ac.art456.com^
||askjbvjnejcbzweh.com^
||atarrean.com^
||uc*.atobo.com^
||attelaoe.com^
||attraction85.com^
||aubrommaiv.com^
||autivnay.com^
||auy07170km.com^
||auy07180km.com^
||auy07181km.com^
||auy07190km.com^
||auy07200km.com^
||auy07201km.com^
||auy07210km.com^
||auy07211km.com^
||auy07240km.com^
||awfyuqoidy.com^
||awkxf8bbj.com^
||awywlb89y.com^
||ayodanuauw.com^
||b0rz2s5ik.com^
||b1o8h004u5.com^
||b1.b2b168.com^
||b79e4u3hz7.com^
||b82q168jgj.com^
||b8b4ix7bj.com^
||sam*.baby-kingdom.com^
||a.baidinet.com^
||besc.baidustatic.com^
||cpro.baidustatic.com^
||dup.baidustatic.com^
||ubmcvideo.baidustatic.com^
||cbjs.baidu.com^
||cb.baidu.com^
||cm.baidu.com^
||cpro.baidu.com^
||drmcmm.baidu.com^
||duiwai.baidu.com^
||eduad.baidu.com^
||eiv.baidu.com^
||iwanad.baidu.com^
||baifen.music.baidu.com^
||pos.baidu.com^
||spcode.baidu.com^
||as1.wenku.baidu.com^
||mountain.zhidao.baidu.com^
||baitu3lllqubyqmttdkjsv.com^
||balerdoits.com^
||bannoillt.com^
||a.baomihua.com^
||djs.baomihua.com^
||resource.baomihua.com^
||baphullpet.com^
||baqwo74y8.com^
||batteryod.com^
||bbbtttjjj.com^
||du1.bbdj.com^
||bborxjkan.com^
||bbrav96ax.com^
||tupian888.*.bcebos.com^
||baiducom.bj.bcebos.com^
||dingbu.bj.bcebos.com^
||gg88.bj.bcebos.com^
||qwe0231141.bj.bcebos.com^
||ys2000.cdn.bcebos.com^
||bcugzudit.com^
||bdcrihraly.com^
||ecma.bdimg.com^
||ecmb.bdimg.com^
||foreveryoung.gz01.bdysite.com^
||becomeo21.com^
||beenedsl.com^
||begoihuh.com^
||bd.beimap.com^
||adm.beimg.com^
||benpsbp.com^
||beqnnobwt.com^
||a1.bestopview.com^
||bettienh.com^
||bfthrelgad.com^
||bgf05251lko.com^
||bgf05261lko.com^
||bgf05270lko.com^
||bgf05271lko.com^
||bgf05280lko.com^
||bgf05290lko.com^
||bgf05291lko.com^
||bgrukidu.com^
||bhaelkaers.com^
||bhaelnieth.com^
||bhakte.com^
||bhanphevg.com^
||bhegilut.com^
||bheirqrol.com^
||bhelzun.com^
||bhl401f8g.com^
||bhohreatz.com^
||bholneath.com^
||bhoscopop.com^
||bhukkeks.com^
||bi205u0cx.com^
||cn.bidushe.com^
||bildrat.com^
||bilkreta.com^
||bimnodstz.com^
||ai.bioon.com^
||img11.biyan8.com^
||bj5iodzgyi.com^
||bjk08210ip.com^
||bjk08211ip.com^
||bjk08220ip.com^
||bjk08221ip.com^
||bjk08230ip.com^
||bjk08231ip.com^
||bjk08240ip.com^
||bjk08241ip.com^
||bjk08250ip.com^
||bjk08251ip.com^
||bjk08260ip.com^
||bjk08261ip.com^
||js.bju888.com^
||bkad13gfu.com^
||gg.blueidea.com^
||bmelkellv.com^
||bmmenieoiw.com^
||bmpdm3z282.com^
||bodhalqg.com^
||bof8804jn.com^
||a1.bookapka.com^
||bootscritp.com^
||bpuvuun0xg.com^
||bqdisnocj.com^
||bqxyns0hv.com^
||bremphumz.com^
||brephras.com^
||brerkols.com^
||brircel.com^
||brornaeq.com^
||brulpha.com^
||bsizoia.com^
||bteucoiyp.com^
||bu2kak23b.com^
||burniecrepes.com^
||beijing.buzhi5.com^
||bycrovalb.com^
||ad.byfuh.com^
||byt73g6rrr.com^
||bzkmqr6vo4.com^
||bdjj.bzr99.com^
||b1.c1km4.com^
||c21x8nmdak.com^
||c7o9xp4e4.com^
||caaqot.com^
||cachusrw.com^
||cai75tp.com^
||caonimazuzong.com^
||baidu1.cardbaobao.com^
||carnations9.com^
||super.cat898.com^
||cautols.com^
||caxhuuzto.com^
||cbembusgcl.com^
||cbo9vo98i.com^
||cc1ej6d0e.com^
||ad.ccement.com^
||5.ccutu.com^
||cd2bkmz3rz.com^
||cdjst7i1v.com^
||ce71jubc2.com^
||cedhoinle.com^
||cfoxpgfzxl.com^
||a*.chajiaotong.com^
||c1.chajiaotong.com^
||ii1.chajiaotong.com^
||chaldailg.com^
||chanced112.com^
||chaqraex.com^
||ssgg.chazidian.com^
||yong.chazidian.com^
||chdhvckqav.com^
||chedethw.com^
||cheesevp.com^
||qc1.cheshipin.com^
||z1.chezhuzhinan.com^
||chicorty2.com^
||chidir.com^
||chienzul.com^
||t6.china-xian.com^
||p1.chinakaoyan.com^
||afp.chinanews.com^
||a2put.chinaz.com^
||dvser.china.com^
||dvs.china.com^
||sssvd.china.com^
||chitshuqh.com^
||cholurd.com^
||chonaesor.com^
||chorninsm.com^
||chuccipkn.com^
||chugveasoy.com^
||xcf-bd-js.chuimg.com^
||y66xvgo5i.chuimg.com^
||bd3.chuiyue.com^
||sbpb1.chuiyue.com^
||chumealq.com^
||chunmiaosh.com^
||chussuth.com^
||chuundads.com^
||ci38iu1ch.com^
||ciajifmfsp.com^
||cjphjf4zm.com^
||ck4g3p2x92.com^
||7xi9g1.com1.z0.glb.clouddn.com^
||7xsf3h.com1.z0.glb.clouddn.com^
||cn6x.com^
||ab.cnbanbao.com^
||dm.cnbanbao.com^
||ms.cnbanbao.com^
||ad-api.cnblogs.com^
||adm.cloud.cnfol.com^
||dmr.cnhoney.com^
||abcd.cnhuoche.com^
||smuc.cnnfootballclub.com^
||baidujs.cnys.com^
||cxsh.cn.com^
||iyuedu.cn.com^
||uniway.cn.com^
||zcfhi.cn.com^
||zisu.cn.com^
||cockersbehint.com^
||1.codesdq.com^
||1.codezh.com^
||cokudsvit.com^
||colkarneh.com^
||12.cookcai.com^
||craegvin.com^
||craivrals.com^
||cralphal.com^
||crazodsxx.com^
||crektels.com^
||crevainv.com^
||cridotty.com^
||crigroik.com^
||criitpoy.com^
||criqai.com^
||crolerl.com^
||croqoltdp.com^
||cruhut.com^
||gg.cs090.com^
||csqqgc90u.com^
||doubleclick.ctfile.com^
||ctsp4jao1.com^
||cubaobei.com^
||cukuix.com^
||cuvedyqs.com^
||z1.cwbaike.com^
||a1.cyyangqiguan.com^
||bd.czxuexi.com^
||d0i8m5ddv6.com^
||d1pc1a0g34.com^
||d3s9in1sg.com^
||d5xogy0qi.com^
||d6hvvn5jvc.com^
||d7fl3a3vwh.com^
||d7ytrv7yxa.com^
||d9q4aa05g4.com^
||daffodilo44.com^
||da.daji.com^
||daleknutbg.com^
||k1.dancihu.com^
||danicirvr.com^
||m1.darfd.com^
||db8b41ie5.com^
||ddc888.com^
||ddjs5wde2.com^
||decision567.com^
||dejcxwlv8.com^
||dephriezm.com^
||depzdhamot.com^
||designx08.com^
||dfangalti.com^
||dfevpkzy6u.com^
||dfgddgfd.com^
||dfhgry.com^
||dfi09171kq.com^
||dfi09180kq.com^
||dfi09181kq.com^
||dfi09190kq.com^
||dfi09191kq.com^
||dfi09200kq.com^
||dfi09201kq.com^
||dfi09210kq.com^
||dfi09211kq.com^
||dfi09220kq.com^
||dfi09221kq.com^
||dfi09230kq.com^
||dfi09231kq.com^
||dfi09240kq.com^
||dfi09241kq.com^
||dfi09250kq.com^
||sh996.dftoutiao.com^
||shzzzz.dftoutiao.com^
||dftraanudh.com^
||dgfhjmd.com^
||dggenduprnyi.com^
||dgxjxeuzm.com^
||d.dgzj.com^
||dhaaralzz.com^
||dhannaq.com^
||dheilgorsy.com^
||dheirzeh.com^
||dhemixu.com^
||dhievvienr.com^
||dhimphits.com^
||dhonphehr.com^
||dhorzivnn.com^
||dhukul.com^
||dhulzehgk.com^
||dhuquxqy.com^
||j.diangon.com^
||jb.dianshu119.com^
||pic1.dianshu119.com^
||diemniwm.com^
||dighavrap.com^
||dilmcrybf.com^
||bea-s.dinghuoche.com^
||img16.diyifanwen.com^
||dd1.diymianmo.com^
||djfp97jp7v.com^
||djhfkcfrdxv.com^
||dkfjlkgjbhbv.com^
||dklhflksd.com^
||dklvhfrnvr.com^
||dkngfkgbc.com^
||dleicukp.com^
||dlkfhlkjoirfgn.com^
||dn4qoz.com^
||dn6ik9809m.com^
||dnokacraldho.com^
||sp.dnqc.com^
||zx.docin.com^
||abcj.dooccn.com^
||dopeoutspoken.com^
||at*.doubanio.com^
||erebor.douban.com^
||1.doudouditu.com^
||abc.douguo.com^
||kpshx.douguo.com^
||leabd.douguo.com^
||shili.downxia.com^
||dozu5h9yql.com^
||dpsusqs20.com^
||dr7dsx6u9.com^
||draktash.com^
||drandoxo.com^
||drauvea.com^
||dreiquksz.com^
||drenqils.com^
||drihmae.com^
||drohlaneh.com^
||druqodrly.com^
||drustren.com^
||yy17173.dtime.com^
||dtindrofe.com^
||dtqs84i8bq.com^
||a.duanmeiwen.com^
||bu1.duba.com^
||a.duduji.com^
||s1.dugoogle.com^
||sky.dunsuan.com^
||js.duotegame.com^
||bd-js.duote.com^
||retrieval-bd.duote.com^
||gt.duowan.com^
||market.duowan.com^
||vupload.duowan.com^
||duuddots.com^
||dwbaazotho.com^
||untitled.dwstatic.com^
||ya*.dwstatic.com^
||2021.dxsbb.com^
||a.dxzy163.com^
||dydab.com^
||a.dyjqd.com^
||dzjzg.com^
||dzv56b1o0y.com^
||e0qmla61cb.com^
||e4jdb7k8j.com^
||ea5s00h6oo.com^
||df888.eastday.com^
||jiaoben.eastday.com^
||tt123.eastday.com^
||cp2.eastmoney.com^
||emdcadvertise.eastmoney.com^
||same.eastmoney.com^
||ebhaliragd.com^
||eboobuv0rk.com^
||ebroktean.com^
||ec18fgdpv3.com^
||ecatqefal.com^
||ecbwemnff3.com^
||ecriqadg.com^
||edmfizohztab.com^
||edxymyepu.com^
||eelkeageg.com^
||gg.egouz.com^
||eh6xjr8p0.com^
||ehox67pahs.com^
||eildralfl.com^
||eilgrairyi.com^
||einothepz.com^
||einzeaxop.com^
||eiphirnutdd.com^
||eiphrut.com^
||eisnaisv.com^
||eitilbyr.com^
||ejunshi.com^
||eldaridpr.com^
||elloisny.com^
||emphidaho.com^
||b1.engdvd.com^
||enlargeboy.com^
||a.epinv.com^
||eqieg6yn5.com^
||equwxrqjyl.com^
||ercoils.com^
||ergiekszra.com^
||bd.ershenghuo.com^
||etallkiq.com^
||etlz1mt67.com^
||eung95wkni.com^
||evreiks.com^
||ewrrpuquc1.com^
||a.exam58.com^
||eydvg8.com^
||img1.eywdf.com^
||ezzwechiiewt.com^
||f3k194f9i7.com^
||f7eiavl95.com^
||f7tkpjw6v.com^
||f7ugx6b863.com^
||f8c2gftcsj.com^
||f9gv87zoq2.com^
||faamhel.com^
||fagrirtn.com^
||fahwlqf37l.com^
||fajdhuhdh.com^
||news.fangdaijisuanqi.com^
||fantasylow.com^
||baj.fanwenzhan.com^
||ac*.faxingchina.com^
||bjs.faxingzhan.com^
||fb2newr2nm.com^
||fbhorutgy.com^
||fc09u3zfm.com^
||fd2k1fa6oe.com^
||fe4c0422j.com^
||feernhuhe.com^
||wmeng.feihuadns.com^
||1.feihua.com^
||feittoill.com^
||pic.fengniao.com^
||fengnimabia.com^
||feronyv.com^
||fesnaed.com^
||fghelmorotvn.com^
||fghggng.com^
||fgsfghn.com^
||fgtyhocutb.com^
||fgwuw.com^
||21.fh21static.com^
||fhl05150ps.com^
||fhl05160ps.com^
||fhl05170ps.com^
||fhl05181ps.com^
||fiezaits.com^
||figvatqrwd.com^
||fiu07031kl.com^
||fiu07041kl.com^
||fiu07050kl.com^
||fiu07051kl.com^
||fiu07060kl.com^
||fiu07061kl.com^
||fiu07070kl.com^
||fiu07071kl.com^
||fiu07080kl.com^
||fiu07081kl.com^
||fiu07090kl.com^
||fiu07100kl.com^
||fiu07101kl.com^
||fiwf54qahl.com^
||fjcs5ly6l.com^
||fkesfg.com^
||flkgjlfghm.com^
||flqa83yic.com^
||fo0qofhtaw.com^
||fo1ykm6ph1.com^
||fotao9.com^
||fqanoreirlpa.com^
||fqoybwos7f.com^
||fqtyucit.com^
||fr701hx5vi.com^
||c6.friok.com^
||cxy88.friok.com^
||fsijngnfsfk.com^
||fsu1cg19c.com^
||fufemnirr.com^
||funqraedp.com^
||pub.funshion.com^
||fup5qxstgi.com^
||fuq3sve1gj.com^
||love.furenkeji.com^
||futhacifl.com^
||fuuksew.com^
||fuw6cipmw.com^
||fvitteilse.com^
||ad.fx168api.com^
||ams.fx678.com^
||dms.fx678.com^
||fygel9rtc.com^
||fzruzulad.com^
||g15wt3ci68.com^
||g4y7uuk.com^
||g4yk4cyyw.com^
||g8hi6r3odr.com^
||g8ygkqhm9p.com^
||ja*.gamersky.com^
||wmbd.gamersky.com^
||ganjituiguang.ganji.com^
||fanpingbi*.gaokao.com^
||gauqoith.com^
||gawnaze.com^
||gbiathrilzik.com^
||gbsmw33tfi.com^
||gcsh3bxck.com^
||gdmxjbjjo.com^
||gdpj8lm2t.com^
||adsmind.gdtimg.com^
||gdvghaowyw.com^
||gdyjs.com^
||g.gegeyingshi.com^
||geinkroll.com^
||gekhasaks.com^
||geqetreadyf.com^
||gerqragpl.com^
||biz.gexing.com^
||ghairqin.com^
||ghegaintp.com^
||gheqien.com^
||gherkax.com^
||gheslosy.com^
||ghgietuthz.com^
||ghozokodq.com^
||gigptruetlop.com^
||gin77czkt.com^
||gio07241rp.com^
||gio07250rp.com^
||gio07251rp.com^
||gio07260rp.com^
||gio07261rp.com^
||gio07270rp.com^
||gio07271rp.com^
||gio07280rp.com^
||gio07281rp.com^
||gio07290rp.com^
||gio07300rp.com^
||gio07301rp.com^
||gio07311rp.com^
||giphaudoq.com^
||giwl0p3gx7.com^
||gjkbyt.com^
||50m.gkcyc.com^
||gkgktibd.com^
||gkvrdf.com^
||gmendanln.com^
||gn6u494hn.com^
||gnglehraith.com^
||go22zd6lwm.com^
||goi08130kh.com^
||goi08131kh.com^
||goi08141kh.com^
||goi08160kh.com^
||goi08161kh.com^
||goi08170kh.com^
||goi08180kh.com^
||goi08181kh.com^
||goi08191kh.com^
||goi08200kh.com^
||goi08201kh.com^
||goi08210kh.com^
||goi08211kh.com^
||11.golang8.com^
||gqxwfhe7o.com^
||graesol.com^
||grarnuns.com^
||grerzieds.com^
||z.grfyw.com^
||grimoiksep.com^
||grirqaks.com^
||gritoils.com^
||growthol22.com^
||gru07o6y3.com^
||gg.gsdlcn.com^
||gsgxnauqu8.com^
||gtfccewpo.com^
||gtrphahmu.com^
||gtuy6el1hd.com^
||cdgtw3.guapaijia.com^
||aqc.gucheng.com^
||dm.gucheng.com^
||guessrp50.com^
||gukviels.com^
||mb.gulongbbs.com^
||gumnus.com^
||1.gunsuo.com^
||guqoinly.com^
||guqransoq.com^
||ggw.gusuwang.com^
||guurniuvgo.com^
||a.guzhilin.com^
||gwyorodtr.com^
||gxjajt.com^
||ll.gxsky.com^
||gybyxsy1588.com^
||gyyuansu.com^
||share.gzdsw.com^
||5.gzfenda.com^
||gzk72wa1f.com^
||bm.h576.com^
||h5vem1jjft.com^
||h8ne.com^
||f11.hackhome.com^
||haitang77.com^
||d1.handdiy.com^
||s1.hanlinzhijia.com^
||1.hao123.com^
||mini.hao123.com^
||as1.m.hao123.com^
||cdn.haocaa.com^
||js1.haoge500.com^
||2.haoxue360.com^
||hauqoa.com^
||hbdruktekf.com^
||img1.hblds.com^
||bdlm*.hc360.com^
||heartstring66.com^
||heatherssb.com^
||heavly1.com^
||heemphaers.com^
||heiviek.com^
||henneanooqh.com^
||hevepyrmt.com^
||hfezidhmmm.com^
||hflex03yh.com^
||hghngh.com^
||hgk0mu8irw.com^
||hgo06041uyi.com^
||hgo06050uyi.com^
||hgo06060uyi.com^
||hgo06061uyi.com^
||hgreils.com^
||hh04040aoik.com^
||hh04041aoik.com^
||hh04050aoik.com^
||hhdus.com^
||hhppzkhurf.com^
||sdd.hi1718.com^
||hi4c61mi8d.com^
||hiaphrilloig.com^
||hitalsli.com^
||abc.hkepc.com^
||hkralgriks.com^
||hl4pvqgbyt.com^
||hmd3jvhrf.com^
||hnsgpw.com^
||1.hnyouneng.com^
||holmesmind.com^
||honkellnl.com^
||hostolhg.com^
||adadmin.house365.com^
||hqluu46i3a.com^
||cdnjs.hro-cosmetics.com^
||huohuo.huamuwo.com^
||17.huanqiu.com^
||32.huanqiu.com^
||boardx.huanqiu.com^
||huo07091hy.com^
||huo07100hy.com^
||huo07101hy.com^
||huo07110hy.com^
||huo07111hy.com^
||huo07120hy.com^
||huo07121hy.com^
||huo07130hy.com^
||huo07131hy.com^
||huo07140hy.com^
||huo07141hy.com^
||huo07150hy.com^
||huo07160hy.com^
||huo07161hy.com^
||huo07170hy.com^
||a.huocheba.com^
||dm.huochepiao.com^
||hur05071kns.com^
||hur05101kns.com^
||hur05110kns.com^
||hur05121kns.com^
||hur05130kns.com^
||hvmdu6macy.com^
||hvrunsqqy.com^
||hwpvhilkuth.com^
||dm.hxzdhn.com^
||xuexi.hydcd.com^
||zuowen.hydcd.com^
||hyhnas.com^
||hzhyhm.com^
||i0y0i9vz0.com^
||i2wj211yk.com^
||i5q1t8vj9.com^
||i8m6.com^
||i9i3ko2o70.com^
||qiyeb.iaskbus.com^
||wneia.iaskhot.com^
||iaxmmw9fbx.com^
||iber07yk9.com^
||a.icdol.com^
||static.ichehome.com^
||f1.ichong123.com^
||goto.www.iciba.com^
||idcot.com^
||iddhui.com^
||idhaiafq.com^
||idmiohtlitir.com^
||u1.idongde.com^
||rc.ie13.com^
||iedullkg.com^
||vvv.ieduw.com^
||ieiczidqyv.com^
||iemhotqk.com^
||if8hhbrk4.com^
||ax.*.ifeng.com^
||9fum.ifeng.com^
||ax.ifeng.com^
||cdgfa.ifeng.com^
||deliver.ifeng.com^
||qcvf.ifeng.com^
||ztyumn.ifeng.com^
||ifethbrzb.com^
||iggdf88.com^
||ihearsoh.com^
||fpbone.ihowguide.com^
||iiyurraeoh.com^
||ilgt04vkw4.com^
||ilzies.com^
||imageshh.com^
||img301.com^
||imniel.com^
||imuchalo.com^
||infucierg.com^
||inone517.com^
||inphais.com^
||insidemo75.com^
||inulgaenypa.com^
||inzoiwe.com^
||inzut.com^
||c81.ipanocloud.com^
||ipssss.com^
||iptrauaktnua.com^
||iqkrungrikhu.com^
||iqtucudfff.com^
||irgidshiv.com^
||irkrellw.com^
||irkrors.com^
||irp37bmmt.com^
||1.isanxia.com^
||istraxuhh.com^
||cee1.iteye.com^
||mpb1.iteye.com^
||rabc1.iteye.com^
||itoqals.com^
||ittaels.com^
||ivrokpyr.com^
||ivzaq2irg.com^
||dehua.ixinfan.com^
||dn*.ixinwei.com^
||zjliloveyou.ixiunv.com^
||ixug0amgtn.com^
||izuts.com^
||j2jtq0hpb.com^
||j4mxrs21gh.com^
||j8tzoy3xwn.com^
||jab88.com^
||jasmined544.com^
||jscode.jbzj.com^
||mm.jbzj.com^
||jcbj62b2t.com^
||jcquhetqcp.com^
||jd6wnmvacs.com^
||jddaw.com^
||jdiekknmcb.com^
||ads-union.jd.com^
||cp.jfcdns.com^
||jhf4eib1zb.com^
||8961.jianbihua.com^
||1.jiangzheba.com^
||hh.jiankang.com^
||jke1.jianke.com^
||udiab1.jianshu.com^
||jiaopei.com^
||wenhua.jiaoshou.com^
||jikklfexh.com^
||bd1.jinbaozy.com^
||jjpyaj214.com^
||jkn05300loi.com^
||jkn05310loi.com^
||jkn05311loi.com^
||ub1.job592.com^
||yqg.jobui.com^
||joi09041pt.com^
||joi09050pt.com^
||joi09051pt.com^
||joi09060pt.com^
||joi09061pt.com^
||joi09070pt.com^
||joi09071pt.com^
||joi09080pt.com^
||joi09081pt.com^
||joi09090pt.com^
||joi09091pt.com^
||joi09100pt.com^
||joi09101pt.com^
||joi09110pt.com^
||joi09111pt.com^
||jollyspring.com^
||lianmen1.joyyang.com^
||jqsex.com^
||jrq39d1r8.com^
||fpb1.jsq886.com^
||gp.jstv.com^
||jsyefc.com^
||jt01151knd.com^
||jubsg4r6qy.com^
||jiaoben.jucanw.com^
||junpjmg96.com^
||p.junshi881.com^
||p.junshifuxin.com^
||y1.junshitt.com^
||1.jushtong.com^
||jxad.jx163.com^
||jxdyk65ay.com^
||o.jy135.com^
||k1s3u1dtpc.com^
||ds1.kaijia.com^
||bdcm.kandianla.com^
||cpm.cm.kankan.com^
||katoleiy.com^
||kc3mmffdbt.com^
||kcqstn35as.com^
||kdfjglkdflg.com^
||fpb1.kedabai.com^
||kemmars.com^
||kf2038zvxt.com^
||khastreol.com^
||khegritww.com^
||khehliets.com^
||khengrull.com^
||khesuts.com^
||khoqetslh.com^
||kiuee8.com^
||kk3fefl2b3.com^
||kklq05111p0i.com^
||kklq05120p0i.com^
||kklq05121p0i.com^
||kklq05131p0i.com^
||kklq05140p0i.com^
||kkzv9rhek.com^
||kltjbnfjmnh.com^
||kodwaqepr.com^
||b.kouke5.com^
||krevn0cq4.com^
||krikului.com^
||krinkred.com^
||krirkroins.com^
||kruraits.com^
||ksaef6idy.com^
||js.kt250.com^
||ktfmk4utug.com^
||m1.kuanff.com^
||gg.kugou.com^
||h1.kukuw.com^
||kvhee.com^
||kwhcgsqn2f.com^
||ky595images.com^
||l0vij7q78.com^
||l235cj20z.com^
||l5pzbzfnjm.com^
||lagzoids.com^
||zq.lansedir.com^
||283.laobanfa.com^
||laowanglm.com^
||ldrerirbuaou.com^
||le4le.com^
||ledollull.com^
||leirerspfz.com^
||m2.lelemh.com^
||lettucex977.com^
||apple.www.letv.com^
||img1.leyun365.com^
||lfhthokieryf.com^
||lfkheedokhld.com^
||lg0lh2qfj4.com^
||lgaicreal.com^
||dm.lianzhixiu.com^
||adimg.liba.com^
||lipheak.com^
||lirretsn.com^
||1.lishibu.com^
||adbd.liuxue86.com^
||lixiangmo.com^
||lj0hx1sboy.com^
||lkdqrtsj6g.com^
||lmeurbnjs.com^
||lmlmvip.com^
||lmwwbrgjj.com^
||lorzelofd.com^
||lqftuugziloa.com^
||lqfvredung.com^
||lqxzx.com^
||a1.lshou.com^
||ltfcagrapl.com^
||ltmarilsf.com^
||ltrs8bv54p.com^
||luaccakfoo.com^
||lurefq.com^
||luunels.com^
||luwkhuku.com^
||192168.luyouwang.com^
||1.lvshi567.com^
||lxsz0w0aw.com^
||lxting.com^
||m1vvvv1k2.com^
||m4fxreb5s.com^
||m6d3h9vc3z.com^
||m7xssfiit.com^
||m8ryjf38a.com^
||m8zgls6zt.com^
||m9s3h265lq.com^
||m9sz0hh3f7.com^
||yx1.managershare.com^
||mbaedurr.com^
||mbg06251pg.com^
||mbg06260pg.com^
||mbg06261pg.com^
||mbg06270pg.com^
||mbg06271pg.com^
||mc5e9p8qx.com^
||mcahinohez.com^
||mckumf5ii4.com^
||mdrihnok.com^
||medaahmo.com^
||meenehboq.com^
||static.meijiacun.com^
||ff.meikanguo.com^
||crayon.meishichina.com^
||gg1.mengchongzu.com^
||mevedyru.com^
||mfhxz0hz7.com^
||1.mgff.com^
||mghezaxh.com^
||da.mgtv.com^
||mhdnspro.com^
||mi2zv8wiw0.com^
||ggxwb.miguvideo.com^
||gg.miinaa.com^
||milkenfr.com^
||norse.mingxiaow.com^
||wm.mipcdn.com^
||gg.miued.com^
||mk10ow7zoi.com^
||emjs.mkzhan.com^
||mlgowell.com^
||mmkkkkk.com^
||mmoba8myv.com^
||zg.mmyuer.com^
||mnnmnn.com^
||mo-tuo.com^
||moa06190ju.com^
||moa06191ju.com^
||moa06200ju.com^
||moa06201ju.com^
||moa06210ju.com^
||moa06220ju.com^
||moa06221ju.com^
||moa06230ju.com^
||d6.mobaders.com^
||bd1.moguvet.com^
||mos05110o9i.com^
||mos05111o9i.com^
||mos05120o9i.com^
||mountainrood.com^
||mouthop3.com^
||mppanittie.com^
||mq54k4yxpt.com^
||mrlxc51byo.com^
||mrtm4lylj.com^
||c-5uwzmx78pmca09x24aiux2euavx2ekwu.g00.msn.com^
||mstmsbz.com^
||mtfc8.com^
||mtmvrulutr.com^
||mtuvpoyfy.com^
||dai18.mumu01.com^
||munkrudhhv.com^
||musclesaskewfeeding.com^
||mwbncf22w.com^
||mwgehrudb.com^
||lv.myapks.com^
||xc.mydrivers.com^
||myfenxi.com^
||teslaamg.obs.cn-east-3.myhuaweicloud.com^
||ad-1258444056.cos.accelerate.myqcloud.com^
||ggtp-1255424916.cos.ap-chengdu.myqcloud.com^
||ggs.myzaker.com^
||mzarqhufj4.com^
||n0211.com^
||n0244.com^
||n0255.com^
||n0399.com^
||n0488.com^
||n0499.com^
||n0544.com^
||n0566.com^
||n0622.com^
||n0633.com^
||n0644.com^
||n0usvkb1x.com^
||n26iiffw9.com^
||n3567.com^
||n5725.com^
||n6579.com^
||n7181.com^
||naarnurm.com^
||naettarq.com^
||nagvaxvy.com^
||naturallon.com^
||naukreatn.com^
||nbraenkikrn.com^
||nbragzui.com^
||neldatsy.com^
||neldipbtg.com^
||nevercoll.com^
||nevtrelathgd.com^
||al.newxue.com^
||nf2r18mdu.com^
||nh3ymjjdkx.com^
||nhy9i8t56f.com^
||niecarsg.com^
||nievolmqn.com^
||nilipuyn.com^
||nio08270lt.com^
||nio08271lt.com^
||nio08281lt.com^
||nio08290lt.com^
||nio08291lt.com^
||nio08300lt.com^
||nio08301lt.com^
||nio08310lt.com^
||nio08311lt.com^
||nio09010lt.com^
||nio09011lt.com^
||nio09020lt.com^
||nio09021lt.com^
||nio09030lt.com^
||nio09031lt.com^
||nio09051lt.com^
||nio09061lt.com^
||nio09070lt.com^
||nio09080lt.com^
||nio09081lt.com^
||nio09090lt.com^
||nio09091lt.com^
||nio09101lt.com^
||bd11.nipic.com^
||nkraholb.com^
||nl071vrnv.com^
||nl2v1uw9e.com^
||nm6c33x8a.com^
||nmg02g56z.com^
||m1.nn670.com^
||nonguds.com^
||noslugut.com^
||a.nowscore.com^
||z.nowscore.com^
||nplvdodbja.com^
||nq49x3m8g.com^
||nrephihe.com^
||nug07300lu.com^
||nug07301lu.com^
||nug07310lu.com^
||nug07311lu.com^
||nug08010lu.com^
||nug08011lu.com^
||nug08020lu.com^
||nug08021lu.com^
||nug08030lu.com^
||nug08031lu.com^
||c.nuhcpf.com^
||nuvaioqds.com^
||nuwurorwbr.com^
||anews7.nvwu.com^
||nx2ucbzw1.com^
||nxu3l4c8u.com^
||nxwm44neo.com^
||nyhdv.com^
||nyokruzoir.com^
||nzl09250oa.com^
||nzl09251oa.com^
||nzl09260oa.com^
||nzl09261oa.com^
||nzl09270oa.com^
||nzl09271oa.com^
||nzl09280oa.com^
||nzl09281oa.com^
||nzl09290oa.com^
||nzl09291oa.com^
||nzl09301oa.com^
||nzlelmarw.com^
||o02220aokk.com^
||o02231aokk.com^
||o02251aokk.com^
||o02260aokk.com^
||oa88s0gb8.com^
||obaivrek.com^
||odhivvin.com^
||odxupm909y.com^
||odz12g5ag.com^
||ogfvadunon.com^
||a.oh100.com^
||js.oh100.com^
||oia04300klq.com^
||oibihevlr.com^
||okeaxgugq.com^
||okkkk.com^
||okpl04301ai.com^
||okpl05010ai.com^
||okpl05011ai.com^
||okpl05021ai.com^
||okpl05030ai.com^
||okpl05040ai.com^
||okpl05041ai.com^
||okszf0rvcg.com^
||okzsb7l5bl.com^
||olgrae.com^
||olkoins.com^
||olqead.com^
||omheth.com^
||ommatht.com^
||onchilurg.com^
||ondraits.com^
||btn.onlylady.com^
||onxuegm38t.com^
||ookaso.com^
||op9dbh1i0.com^
||opicrutuk.com^
||opkrerkaidf.com^
||oqidsgkq.com^
||orchidea46.com^
||orcinhyi.com^
||orkreats.com^
||orodsmnu.com^
||osdxx.com^
||ouqo05161luj.com^
||ouqo05170luj.com^
||ouqo05171luj.com^
||ouqo05181luj.com^
||oveakmqk.com^
||owchaavetonb.com^
||oxggiwdp57.com^
||oxkrcrlw.com^
||oylblokar.com^
||oztg6i0ass.com^
||p15vjj3og.com^
||p2h08fn94d.com^
||p4gdt4um6.com^
||p70y44odg.com^
||p7jroq6xco.com^
||pa026n1waq.com^
||paau5a33k.com^
||panel-cn.com^
||vip.panggugu.com^
||papaw818.com^
||ad.parkvv.com^
||bt1.patexplorer.com^
||pbwlwdzje.com^
||ashow.pcpop.com^
||pebrihmethwa.com^
||pencild4.com^
||penxiangge.com^
||1buu1.penyouw.com^
||phainoirs.com^
||pharoilrw.com^
||phazaeth.com^
||o.phb123.com^
||v1.phb123.com^
||pheetuth.com^
||pheidheat.com^
||pheqae.com^
||phinathuu.com^
||phorralut.com^
||phozatoi.com^
||phozeksr.com^
||phuustikd.com^
||phx9cqla2.com^
||j1.piaobing.com^
||picnewsss.com^
||f1.pig66.com^
||iia1.pikacn.com^
||pimormebwf.com^
||pimuedrozt.com^
||pin6d37stu.com^
||ac*.pingguolv.com^
||img50.pingguolv.com^
||pic50.pingguolv.com^
||abds.pingpingw.com^
||ac1.pingpingw.com^
||cxgfq.pinlue.com^
||pinmgm.com^
||bd1.pipaw.com^
||s1.pipishu.com^
||pjcg3864p.com^
||pjdhguh14.com^
||pknh27a7j.com^
||delivery.playallvideos.com^
||farm-cn.plista.com^
||static-cn.plista.com^
||pnk95mnqww.com^
||po18ad.com^
||porkpiecosmo.com^
||potatosa6.com^
||sub.powerapple.com^
||g1.pptair.com^
||de.as.pptv.com^
||pq9alk18ik.com^
||progress12.com^
||ff.psd8.com^
||pwchaukoieor.com^
||px02mouzas.com^
||pxhuiben.com^
||pyonbrj41b.com^
||q06g.com^
||q2fwgl4q8.com^
||q3rlg1flo.com^
||q5sn40kmp2.com^
||a1.q6u.com^
||q7qhlnyfx.com^
||q83v5haaz.com^
||qa6z7kz5r.com^
||qaemphaels.com^
||cp.qbaobei.com^
||qbcyr5tfd.com^
||bd1.qcjslm.com^
||car.qcmrjx.com^
||qcogiellq.com^
||qdheqraln.com^
||qdn4ydsg3s.com^
||qduttornm.com^
||qdwhru8p2.com^
||qdwmdikzudq.com^
||qdzyspjx.com^
||qeknikny.com^
||qfirgakpv.com^
||qhaazaduez.com^
||qhaccid.com^
||qhanphietd.com^
||qhatarsl.com^
||qhestrad.com^
||qhherqral.com^
||qhihoins.com^
||guess.h.qhimg.com^
||qhtrolik.com^
||qhunetsq.com^
||jsb.qianzhan.com^
||undm.qibulo.com^
||ff.qichetansuo.com^
||qifake.com^
||qighodetfg.com^
||qimaf.com^
||a.qinghua5.com^
||bdcode.qinglm.com^
||qiwqaagnaell.com^
||qiyegongqiu1.qiyegongqiu.com^
||mall0.qiyipic.com^
||bd888.qizuang.com^
||bdgg.qjy168.com^
||qlghunil.com^
||myunion1.qm120.com^
||qnhoqullbea.com^
||qogonsuqq.com^
||qogrux.com^
||qovith.com^
||qovunx.com^
||qpqp05100oki.com^
||qpqp05101oki.com^
||a1.qqan.com^
||qqhuhu.com^
||qqosk05010llo.com^
||qqosk05011llo.com^
||qqosk05020llo.com^
||qqosk05021llo.com^
||qqosk05030llo.com^
||qqosk05031llo.com^
||qqosk05040llo.com^
||qqosk05041llo.com^
||gdt.qq.com^
||a.qsjiajiao.com^
||qsko05060mas.com^
||qsko05061mas.com^
||qtthehnor.com^
||qudajie.com^
||qujishu.com^
||sbbd1.qulishi.com^
||sbpb1.qulishi.com^
||ent1.qunchua.com^
||a.qunzou.com^
||qvzabbhovve.com^
||qwerhao3.com^
||qxdx2x6kn6.com^
||u.qxen.com^
||qxn9qlvmca.com^
||p1.qxzsw.com^
||hades.qyer.com^
||u1.qyxxpd.com^
||qzq1hq3mt.com^
||r0eybo511.com^
||r0hpdbkqs.com^
||r40h9qvpq.com^
||r4uj20yt2u.com^
||r6q4mtfno.com^
||r7tqkqrvuz.com^
||lyz.radio366.com^
||rakkuxw.com^
||raspberry55o.com^
||rb51rh02h.com^
||rbkidelmug.com^
||rbqv91egxy.com^
||rcilgeill.com^
||rcruulnot.com^
||rdmpkv76tv.com^
||re41qiitb1.com^
||sjbaiduadv1.redou.com^
||wyzq.rehuwang.com^
||ab.rejushe.com^
||relgrads.com^
||ebp.renren.com^
||a.rensheng5.com^
||rfilmalmz.com^
||rg84983is.com^
||rgcrunzozp.com^
||rgtghulduk.com^
||riemutmh.com^
||rir8h6qxk.com^
||riscats.com^
||rivullvwg.com^
||rjsq7ljyp.com^
||rklzpo.com^
||rl1vypwyd2.com^
||static.rongkao.com^
||roqairs.com^
||rpvqhicca.com^
||rtau9pif4.com^
||rthrondrae.com^
||ds.ruanwengfa.com^
||d*.ruiwen.com^
||js.ruiwen.com^
||abc.ruodian360.com^
||ruqaks.com^
||ruqneakyp.com^
||rusnuiyu.com^
||ruvowe4xeo.com^
||rvkhazel.com^
||rxaqwhu54d.com^
||rzcruzullr.com^
||s0drxaq4v7.com^
||s31u.com^
||s4y6lhotaw.com^
||s72h7io4o.com^
||s7fpxh6fz.com^
||s7ki0dcd96.com^
||sachaits.com^
||saddarue.com^
||saelphol.com^
||saizih.com^
||saktuddo.com^
||sal5ab6uf.com^
||salfgkhsklgcvrg.com^
||salsifyua22.com^
||sc126.com^
||scesqoikq.com^
||scigzetg.com^
||scihuns.com^
||scohmallt.com^
||scoldak.com^
||sconat.com^
||screddoit.com^
||screiltol.com^
||screspoy.com^
||scrorlaets.com^
||scroscoi.com^
||scrugokl.com^
||sdfewed.com^
||sdfscftg.com^
||adrs.sdo.com^
||guang.sdsgwy.com^
||sentinelol.com^
||sftz4zyqd.com^
||tp.sgcn.com^
||sghcj5pnb.com^
||shaenphiks.com^
||js.shangxueba.com^
||shatielsu.com^
||shedranfd.com^
||shelluiqy.com^
||a.shenchuang.com^
||shenxianmaomao.com^
||shestieh.com^
||shiyaokejishanghai.com^
||sholphot.com^
||sholxorw.com^
||hz.shouyoutv.com^
||shudi8.com^
||js.shunqi.com^
||a1.shusanqi.com^
||shuucerz.com^
||pb.shuxigua.com^
||siconoi.com^
||sikvoilst.com^
||sinkrersf.com^
||sirrors.com^
||skfgnsvkjfgvv.com^
||sknkggfnm.com^
||sksi91y8rs.com^
||smjfbjsfvrf.com^
||sneakersq5.com^
||so03311koaq.com^
||so04010koaq.com^
||so04030koaq.com^
||sodenneyg.com^
||sodhef.com^
||lu.sogoucdn.com^
||theta.sogoucdn.com^
||wuliao.epro.sogou.com^
||inte.sogou.com^
||lu.sogou.com^
||ads.sohu.com^
||assp.sohu.com^
||m.aty.sohu.com^
||reke.at.sohu.com^
||fpb.sohu.com^
||qpb*.sohu.com^
||sokars.com^
||gg.sonhoo.com^
||sonkransme.com^
||sotunet.com^
||sgg.southcn.com^
||cod.southmoney.com^
||soy5c00zc.com^
||spongeds.com^
||sportuay.com^
||srootshare.com^
||3.ssqzj.com^
||staivoiks.com^
||stamenbs4.com^
||stemedntm.com^
||sterkisg.com^
||stigzeal.com^
||stildell.com^
||stildreans.com^
||stmnfilur.com^
||same*.stockstar.com^
||stogmos.com^
||stongors.com^
||stragmik.com^
||strakuty.com^
||strakvad.com^
||straldrier.com^
||stralotsb.com^
||strelgrell.com^
||strenots.com^
||strilqoill.com^
||stroveiks.com^
||struhuts.com^
||stunkrins.com^
||a1.sumiaowang.com^
||summerwm1.com^
||tad.suning.com^
||bdunion1.suxiazai.com^
||suzalsln.com^
||svzkhal2zh.com^
||synacast.com^
||szhgmd.com^
||bd1.szhk.com^
||am.szhome.com^
||t0cv7pmo2y.com^
||t1d26dvout.com^
||t78obxl4h1.com^
||t8t8jyxsr.com^
||g1.taijuba.com^
||a.tainengchong.com^
||sanme2.taisantech.com^
||show.kc.taotaosou.com^
||re.taotaosou.com^
||tbunkrolo.com^
||tcragarnh.com^
||tcwouq1gmw.com^
||tcx0wyp0nn.com^
||1.tecbbs.com^
||teeniaole.com^
||thaadotyvrf.com^
||thacreks.com^
||thaincoth.com^
||thampheth.com^
||thangrurs.com^
||thaqne.com^
||thimhudlop.com^
||a.thn21.com^
||thonkoirs.com^
||threkuth.com^
||thricroiw.com^
||thricrulnf.com^
||thriseds.com^
||throlnod.com^
||throxul.com^
||thruksyq.com^
||thrumulr.com^
||thumbb86.com^
||thunnqyo.com^
||thustilpn.com^
||datas.tianqistatic.com^
||yptqys.tianqistatic.com^
||tiengrelby.com^
||ss.ting55.com^
||w3.ting55.com^
||tinjsicyt.com^
||img2.titan007.com^
||titroikan.com^
||tixoilll.com^
||a.tiyuxiu.com^
||tjv250730ads.com^
||tmqhageaip.com^
||tnvkb6bcnf.com^
||togmoxwnw.com^
||ato.tooopen.com^
||tooreldretpl.com^
||top2099.com^
||torkeauwu.com^
||towmfs.com^
||tqphaqoye.com^
||tracyspb.com^
||traiqnien.com^
||traukvan.com^
||treimphens.com^
||trellq.com^
||treqonwyp.com^
||tridroin.com^
||trigminp.com^
||trimmoits.com^
||tristaspd.com^
||tronkuks.com^
||trorqaeao.com^
||truuhmoen.com^
||truxedku.com^
||tthrirgud.com^
||tu2024020388.com^
||tubingacater.com^
||z.tudouxy01.com^
||a.tuizhuti.com^
||a1.tuke8.com^
||tukveks.com^
||lm1.tuliu.com^
||aaa.tumanyi.com^
||myunion1.tupians.com^
||tuvrutsnf.com^
||tux76afo5.com^
||s1.tuzhaozhao.com^
||a.tvsou.com^
||c.tvsou.com^
||md.tvzhe.com^
||tw0ihhb04.com^
||twinkleop.com^
||a1.twtym.com^
||twzui6.com^
||txbgcd1is.com^
||typhooned.com^
||tzethaungot.com^
||u0056.com^
||u0057.com^
||u0062.com^
||u0065.com^
||u0067.com^
||u0071.com^
||u0075.com^
||u0078.com^
||u0079.com^
||u0081.com^
||u0082.com^
||u0083.com^
||u1010.com^
||u1011.com^
||u1033.com^
||u1055.com^
||u1077.com^
||u1099.com^
||u10nte4ba.com^
||u1102.com^
||u22011.com^
||u22066.com^
||u22088.com^
||u22099.com^
||u25011.com^
||u25022.com^
||u33011.com^
||u4jlr6f6n2.com^
||u55011.com^
||u5eguuk2n.com^
||u5smvk9bg.com^
||u6zsr2xn1.com^
||u833ij.com^
||uahivaqettl.com^
||ual23t6yz.com^
||ubudhal.com^
||1.uc129.com^
||uegsjnk.com^
||uektedsni.com^
||uenqeotul.com^
||uesv3jjf6.com^
||ueuwvgco19.com^
||uggrianvo.com^
||ugheqrikui.com^
||uhityllhn.com^
||uhnd2ru20.com^
||ukew6uo7u1.com^
||ukx6umuvu.com^
||ulatammyspb.com^
||uldaens.com^
||undergoon.com^
||union-wifi.com^
||b.unjs.com^
||unpw0czu7.com^
||uroz44gxhx.com^
||usgowell.com^
||uteeo5018.com^
||utihriethlv.com^
||utmostxu.com^
||uu11881.com^
||uu22112.com^
||uu22332.com^
||uu22662.com^
||uuaisp.com^
||uub6hz5eu.com^
||uucatiqnd.com^
||uuqrisuy.com^
||gg.uuu9.com^
||uwlovullbg.com^
||uwtewvalgil.com^
||uwxez.com^
||uxieks.com^
||uy8f8z9uy.com^
||uz7w7bm4ns.com^
||ql.uzuzuz.com^
||vahmimb.com^
||valeriesara.com^
||dms.vancss.com^
||vbc08091op.com^
||vbc08100op.com^
||vbc08101op.com^
||vbc08110op.com^
||vbc08111op.com^
||vbc08120op.com^
||vbc08121op.com^
||vbc08200op.com^
||vbc08201op.com^
||vbphograewy.com^
||vcaqexl.com^
||vedhalmin.com^
||vegaingi.com^
||veilengh.com^
||vejrp6iq25.com^
||vezeqzyb.com^
||vgnhigankih.com^
||vgovvoinf.com^
||vgragvory.com^
||vhaugmotn.com^
||vickyellend.com^
||victoriaelmae.com^
||vinoinqih.com^
||vinsgcs.com^
||ckg.vipyl.com^
||vjvj.vj24co.com^
||vl3rw9roj.com^
||hiad.vmall.com^
||m1.vodjk.com^
||vowellm4.com^
||vraataidz.com^
||vragridsn.com^
||vraqnathr.com^
||vrelai.com^
||vrevvaids.com^
||vriesziy.com^
||vrinqaell.com^
||vrosqutsgh.com^
||vrulqil.com^
||vruzexzl.com^
||vsojfsoj.com^
||vthruucceod.com^
||vtiwz6pgc8.com^
||vtongm82lz.com^
||vtqhelleano.com^
||vudralqoi.com^
||vunqrotm.com^
||vv4t0gqaa4.com^
||vvd68pv6lj.com^
||bu1.vvvdj.com^
||vwuudahnarh.com^
||w0054.com^
||w0057.com^
||w0079.com^
||w0082.com^
||w0yg6igaoz.com^
||w2j4kdjma.com^
||w3cfba6ufr.com^
||w3ytzqm3d.com^
||w4sn20zpvz.com^
||w5ftl8bhu3.com^
||w6xdba54n.com^
||w9uwz5966.com^
||wa9dald544.com^
||wacogzaeip.com^
||ad.walkgame.com^
||usejj.wangkl.com^
||shili.wanyx.com^
||a.wanzhuang.com^
||waozmoee0c.com^
||ggw.watertu.com^
||wbqhehokmy.com^
||m1.we556.com^
||cbdm.weathercn.com^
||weggrq0p42.com^
||alitui.weibo.com^
||1.weiheshidai.com^
||weitietl.com^
||code.wenbanzhu.com^
||k1.wendahu.com^
||mps.wenkuzu.com^
||dm.wenshenxiu.com^
||ws.wenshenxiu.com^
||s1.wesiedu.com^
||wgceetonr.com^
||whistle35.com^
||a.wifi33.com^
||d.win10com.com^
||wio06210j7.com^
||wio06230j7.com^
||wj9uod3838.com^
||static.wjxcdn.com^
||h1.wk2.com^
||wkzvf2658.com^
||wlberlaiw.com^
||wmnqifp98t.com^
||wowad.wow-classic.com^
||wph2zu9rlb.com^
||v1.wphonelife.com^
||wpuzzcudultv.com^
||wqhuludpb.com^
||wthizudgdg.com^
||wthrarner.com^
||wtrotilloye.com^
||wubizigeng.com^
||wud2g55ffy.com^
||wwok04281kl.com^
||wwok04291kl.com^
||wwok04300kl.com^
||wy12cewh4.com^
||wyjqa6pbuc.com^
||a.wzu.com^
||x05occvjw.com^
||x1c9gze9i.com^
||qd.x4399.com^
||x43slxjwzx.com^
||x6u6kw4sg.com^
||xaiqrania.com^
||xamniksq.com^
||xapu7phoge.com^
||xbtw.com^
||adt.xdrig.com^
||xdyjt.com^
||xeccotftw.com^
||xegnfwkju.com^
||xevaix.com^
||xg8mbvu3x8.com^
||xh04i9ine.com^
||khrtac.xiangha.com^
||aa.xiangxiangmf.com^
||b1.xiao84.com^
||becode.xiao84.com^
||salary.xiao84.com^
||cc.xiaodapei.com^
||w.xiaopiaoyou.com^
||xiaopinwo.com^
||xielloltv.com^
||1.xilu.com^
||tongj.xilu.com^
||ximhirsew.com^
||yi.ximizi.com^
||ichc1.xinglinpukang.com^
||a2.xinhuanet.com^
||d*.xinshipu.com^
||hi.xiunm.com^
||a.xixiyishu.com^
||xldyxnzo6.com^
||z1hihu.xmcimg.com^
||zhihu.xmcimg.com^
||cmm.xmfish.com^
||xn--6kr65fctg2t4e.com^
||xn--sssy7vrppusjyv0a.com^
||xn--uirw6qy5u.com^
||xoceonsl.com^
||bchina-1.xsfaya.com^
||rdbd.xsread.com^
||mnwor.xuanlishi.com^
||xudaiklj.com^
||a.xue126.com^
||ghghgf.xuexiwa.com^
||dms.xuexxing.com^
||a.xuezizhai.com^
||xukanvyl.com^
||xulizui6.com^
||xulkervf.com^
||xunqrutsl.com^
||xuugnuits.com^
||xve4ww01l.com^
||xwdsp.com^
||cc.xwscg.com^
||xxsmad5.com^
||xxsmad6.com^
||xxsmad7.com^
||xxsmtz10.com^
||xxxx68xxxx.com^
||xylhwdu.com^
||a.xywy.com^
||bdmjs.xywy.com^
||bmjs.xzw.com^
||a.xzzsjz.com^
||y18ut1kw22.com^
||y1ma8c054n.com^
||y1n1n3e0v.com^
||y4re1yokqv.com^
||y63eay93i.com^
||y6oiuyphb.com^
||y7pcgacfn.com^
||y9ppy0icw1.com^
||yaltchoaiz.com^
||admd.yam.com^
||a.yangshengtang123.com^
||img.yangshengtang123.com^
||ca.yangshengtv.com^
||yasorlbeu.com^
||ybrvrws2p9.com^
||ychahlollfb.com^
||ydhilninhp.com^
||yeandriethzm.com^
||abc.yebaike.com^
||ads.yeeyi.com^
||yellowjm.com^
||yetacdn.com^
||yghalathio.com^
||yh823ogu6b.com^
||yhak0o7rtz.com^
||yhtohtbql.com^
||static-ssp.yidianzixun.com^
||union.yihaodian.com^
||11.yiqig.com^
||abcd.yiq.com^
||yirst6pfi.com^
||wr.yiyouliao.com^
||js.yjbys.com^
||yjnlk.com^
||yki9xpcuc.com^
||ykxwn.com^
||ymgranque.com^
||ymmiyun.com^
||ymtwmhh43.com^
||yn0mbg4p1.com^
||yn9k86cpsf.com^
||ad123.ynet.com^
||ynzhby.com^
||impservice*.yodao.com^
||yopo0hx26.com^
||a.youdao.com^
||impservice*.youdao.com^
||bdcode.youke.com^
||atm.youku.com^
||wenxue.youzhicn.com^
||yrgsqi0zc.com^
||yry62x1vwl.com^
||daima.ysdui.com^
||yto3kavwud.com^
||ytv7335mt.com^
||yuanzunxs1.com^
||yuelmodqhrw.com^
||1.yuexw.com^
||yui06111shga.com^
||yui06120shga.com^
||yui06121shga.com^
||yui06130shga.com^
||yui06131shga.com^
||yui06140shga.com^
||yuqnyudug.com^
||yur09111og.com^
||yur09121og.com^
||yur09130og.com^
||yur09131og.com^
||yur09140og.com^
||yur09141og.com^
||yur09150og.com^
||yur09151og.com^
||yur09160og.com^
||yur09161og.com^
||yur09170og.com^
||yur09171og.com^
||yur09180og.com^
||yur09181og.com^
||a.yuzhainan.com^
||daima.yuzhulin.com^
||yvrileid.com^
||dm*.yxlady.com^
||yxonk5bcue.com^
||q1.yyxwzx.com^
||gt.yy.com^
||z0ha6abmi.com^
||z0u6tmmudb.com^
||zaeqrath.com^
||zaiqnethl.com^
||zalnouiy.com^
||zamiasfinable.com^
||zantainet.com^
||f1.zaojv.com^
||zathrilgiw.com^
||zbislaernv.com^
||ssp.zf313.com^
||zgm1.com^
||zgo8rgvuaf.com^
||yin1.zgpingshu.com^
||21.zhaozongjie.com^
||udd1i5.zhihu.com^
||w11.zhongkaohelp.com^
||jy.zhongxues.com^
||p1.zhongyoo.com^
||hapic1.zhuangxiu22.com^
||1.zhuangxiu567.com^
||d1.zhuangxiu6.com^
||fdfda.zhuzhai.com^
||ziajretrs.com^
||zikeke7.com^
||ziqi462ni.com^
||ziqniduy.com^
||s.zixuntop.com^
||d.ziyuanm.com^
||zj9puq8ycu.com^
||dm1.zjydt.com^
||zkraktak.com^
||abcd.zle.com^
||efg.zle.com^
||zlgenuyiu.com^
||css.zmjm.com^
||zmkp6jvq4.com^
||zno9qw80o.com^
||zodoth.com^
||zogzoldop.com^
||zokzavnea.com^
||zorkraith.com^
||1.zou114.com^
||zpzatutb.com^
||zqydulfzxb.com^
||zrzgsdocqm.com^
||zsjxwj.com^
||zt2088.com^
||pkk1.zuimeiniwo.com^
||img.zuowen8.com^
||1.zuowenjun.com^
||ag1.zuszw.com^
||zvgvenibe.com^
||1.zw3e.com^
||zxdnsx7si.com^
||zymakzaeddla.com^
||3p8801.co^
||04o.fun^
||0vc.fun^
||1qv.fun^
||212ehae.fun^
||2325fdrf.fun^
||2efgcdcjr000.fun^
||2hl.fun^
||2za.fun^
||31y.fun^
||3uo.fun^
||4ce.fun^
||4gu.fun^
||4ve.fun^
||4wm.fun^
||4zn.fun^
||6efgcdcjr000.fun^
||6lx.fun^
||6oj.fun^
||6qo.fun^
||7mk.fun^
||7tc.fun^
||7zb.fun^
||8sh.fun^
||8u0.fun^
||aeryt111.fun^
||am0.fun^
||bc4.fun^
||beryt111.fun^
||bgbg00.fun^
||cdcs34.fun^
||cdscs990.fun^
||ceryt111.fun^
||cfdvd779.fun^
||csdcfvgf4.fun^
||csdsa22.fun^
||csfds000.fun^
||cvdfvdfv90.fun^
||dasda64.fun^
||dddstew6cw8.fun^
||dgrgr34.fun^
||drtrs55.fun^
||dsad234.fun^
||dsads55.fun^
||dsaewew21.fun^
||dscds111.fun^
||dsda21.fun^
||dsdsa33.fun^
||dsdsg44.fun^
||dssddf33.fun^
||e1s.fun^
||e7h.fun^
||ed2.fun^
||eeqweqw.fun^
||eeryt111.fun^
||etroytj33.fun^
||ewqeq23.fun^
||ewqws55.fun^
||fefwe334.fun^
||frfve33.fun^
||frgf99.fun^
||frgre33.fun^
||fsdf45.fun^
||fwsfwef2.fun^
||ggfdgd88.fun^
||ghiuge55.fun^
||gtdf33.fun^
||h3d.fun^
||h6o.fun^
||heryt111.fun^
||hp7.fun^
||hyhy2.fun^
||hyth74.fun^
||ieryt111.fun^
||jeryt111.fun^
||jiujy5r3.fun^
||k42.fun^
||keryt111.fun^
||klkk66.fun^
||leryt111.fun^
||ljjhfw34.fun^
||m4r.fun^
||meryt111.fun^
||neryt111.fun^
||nhjn788.fun^
||nhjnw78.fun^
||o4q.fun^
||oeryt111.fun^
||ok5.fun^
||p2v.fun^
||pa6.fun^
||peryt111.fun^
||pw2.fun^
||qebgcdcjr000.fun^
||qekgcdcjr000.fun^
||qeogcdcjr000.fun^
||qeryt111.fun^
||qeugcdcjr000.fun^
||qo2.fun^
||qqryt111.fun^
||qtroytj33.fun^
||r0j.fun^
||reqwevf3.fun^
||reryt111.fun^
||rewrwrt4.fun^
||rqroytj33.fun^
||rtroytj33.fun^
||s83.fun^
||sdss99.fun^
||sfesdef6.fun^
||swad332.fun^
||t2s.fun^
||teryt111.fun^
||tqeferty33.fun^
||treferty33.fun^
||tteferty33.fun^
||ttroytj33.fun^
||uhuf56.fun^
||uv4.fun^
||v4p.fun^
||vcdfsf99.fun^
||vcxv73.fun^
||vcxv787.fun^
||vdfvdf33q.fun^
||vdhf042.fun^
||vdsdsf2.fun^
||veryt111.fun^
||vfdvdfv77.fun^
||vfdvdg67.fun^
||vfvdvd99.fun^
||vtbfgnf00.fun^
||vxcvd67.fun^
||weryt111.fun^
||wtroytj33.fun^
||xeryt111.fun^
||y0o.fun^
||yeryt111.fun^
||ytroytj33.fun^
||zeryt111.fun^
||yuwenbin.host^
||0dwm.icu^
||1buo.icu^
||1dki0.icu^
||1gmzo.icu^
||1gtp.icu^
||1jok.icu^
||1tp.icu^
||1tv.icu^
||1xb.icu^
||1yj.icu^
||2rbda.icu^
||2sfpy.icu^
||2wt.icu^
||31up.icu^
||32n.icu^
||370jj.icu^
||3lo.icu^
||3ni.icu^
||3sas.icu^
||3ts.icu^
||3vp.icu^
||3xl.icu^
||41grk.icu^
||43a.icu^
||4cx5.icu^
||4fr.icu^
||4fs3r.icu^
||4i1.icu^
||4jc.icu^
||4sq.icu^
||4t6u.icu^
||4we.icu^
||5ik.icu^
||5yl.icu^
||5z2oy.icu^
||6cs.icu^
||6ft8a.icu^
||6gute.icu^
||6ku.icu^
||6w7.icu^
||7aey.icu^
||7f7rt.icu^
||7hb.icu^
||8ail6.icu^
||8cp.icu^
||8et.icu^
||8fo.icu^
||8gra3.icu^
||94x.icu^
||96rj.icu^
||9xxy.icu^
||a2wx.icu^
||a5t.icu^
||a7c.icu^
||aeisqs.icu^
||aewgwu.icu^
||af6s.icu^
||afcgcq.icu^
||ahupio.icu^
||aiamok.icu^
||aigfednd.icu^
||allkmbr.icu^
||aoydwg.icu^
||apajku.icu^
||apeacc.icu^
||aqgjqy.icu^
||asypwo.icu^
||atepcs.icu^
||atsgiu.icu^
||avqdhss.icu^
||avxonsp.icu^
||ayalcid.icu^
||az5i.icu^
||baggvon.icu^
||bcpxll.icu^
||bctuapia.icu^
||bdawrsi.icu^
||bdcmwcl.icu^
||bebxhcip.icu^
||biabfqq.icu^
||bidotz.icu^
||bieuc.icu^
||bjtlzv.icu^
||blbtibqk.icu^
||blinxmi.icu^
||bmhtwefv.icu^
||bmougwx.icu^
||bmqulua.icu^
||bnfectkp.icu^
||bowvses.icu^
||bpxxgkoj.icu^
||bujlmitd.icu^
||bwz4e.icu^
||bxdupj.icu^
||bxheifoe.icu^
||bxlulr.icu^
||bxzlfr.icu^
||bybrrn.icu^
||bypllv.icu^
||c05ua.icu^
||c4uy.icu^
||cadcc.icu^
||cakoeg.icu^
||cbaokk.icu^
||cbdqzbi.icu^
||ccobksxz.icu^
||cdiuqa.icu^
||cdlekgr.icu^
||cekdew.icu^
||chmueyv.icu^
||chooncv.icu^
||chupl.icu^
||cidhmxxb.icu^
||ckyriuf.icu^
||clcimo.icu^
||clorso.icu^
||cmuryk.icu^
||comxei.icu^
||cpcxke.icu^
||cpglqg.icu^
||cqudya.icu^
||crnmyrk.icu^
||ctlacnh.icu^
||cv7.icu^
||d0m.icu^
||d5r.icu^
||dbdophuz.icu^
||ddhjabqe.icu^
||ddlmsoyo.icu^
||derwbl.icu^
||dfhthh.icu^
||dhnnbfok.icu^
||difzhd.icu^
||djecgyk.icu^
||dklnxtcj.icu^
||dmevejjt.icu^
||dnd2.icu^
||dqjrxj.icu^
||dsfh2.icu^
||dsikpuv.icu^
||dsoxgdjv.icu^
||dsukqsx.icu^
||dt0j.icu^
||dtjcvd.icu^
||dtntnl.icu^
||dupzbh.icu^
||duyhlct.icu^
||dv0i.icu^
||dv4ku.icu^
||dxdxfl.icu^
||dxvfdv.icu^
||dypozx.icu^
||dzzdspiu.icu^
||e50.icu^
||e8d7.icu^
||e9h.icu^
||eatnontf.icu^
||eaylmi.icu^
||eddcc.icu^
||ee5.icu^
||eeaczcf.icu^
||egg0.icu^
||ehczaa.icu^
||ei7.icu^
||eiszgw.icu^
||ekzmk.icu^
||elclaq.icu^
||eletys.icu^
||elqfsq.icu^
||emslgm.icu^
||en6.icu^
||enokouv.icu^
||etwzue.icu^
||ewywma.icu^
||exowsw.icu^
||extopae.icu^
||ezrcowa.icu^
||f7j.icu^
||fafvvt.icu^
||fajkhr.icu^
||fbhkxt.icu^
||fbphnn.icu^
||fbvbrb.icu^
||fca6f.icu^
||fcbdpock.icu^
||feubgzfx.icu^
||ffjevt.icu^
||fgnfpnae.icu^
||fhhctb.icu^
||fkjdiefz.icu^
||fo0.icu^
||fpfhtr.icu^
||fpxhdx.icu^
||fqnhjt.icu^
||frthpp.icu^
||ftrfnx.icu^
||fttxhcua.icu^
||fy60.icu^
||fzdwtage.icu^
||fzjbsvgz.icu^
||g41i.icu^
||gbqgwes.icu^
||gdqhim.icu^
||gdwudmv.icu^
||gegeoq.icu^
||gftefmt.icu^
||ghekcc.icu^
||ghwmbue.icu^
||ghwqbii.icu^
||gi0.icu^
||gigtoy.icu^
||gkcogyf.icu^
||gkeolwi.icu^
||gnyuhzd.icu^
||gokrafxr.icu^
||gpkheq.icu^
||grmzwc.icu^
||gsweum.icu^
||gtcbai.icu^
||gtokii.icu^
||guekoe.icu^
||gw8.icu^
||gwogrgq.icu^
||gwwquc.icu^
||gxcqay.icu^
||gzfsqrc.icu^
||h0d.icu^
||h5r.icu^
||hbxmdf.icu^
||hcznaubp.icu^
||hdxyj.icu^
||herzotph.icu^
||hj8gf.icu^
||hjdjfl.icu^
||hkjzkrqz.icu^
||hltpdd.icu^
||hlzncxmu.icu^
||hmbprf.icu^
||hmjmjz.icu^
||hnhmxj.icu^
||hoznpn.icu^
||hpfkvr.icu^
||hqvkbn.icu^
||hrjciqyu.icu^
||hrwbeqv.icu^
||hthvc.icu^
||htoetgk.icu^
||hvddxj.icu^
||hwplypbn.icu^
||hwtadf.icu^
||hwxprd.icu^
||hwymoyv.icu^
||hxnpxh.icu^
||hylplj.icu^
||iaumyc.icu^
||ibqemk.icu^
||ibwvky.icu^
||idobqo.icu^
||ieubws.icu^
||ifkyco.icu^
||iflucav.icu^
||ifmccdn.icu^
||ifxqubw.icu^
||igabcgnh.icu^
||ii3.icu^
||iokmey.icu^
||ioykmxa.icu^
||ipmsqu.icu^
||ipqajyy.icu^
||ipybks.icu^
||ipyhf.icu^
||iqi4l.icu^
||iqsswq.icu^
||ir4.icu^
||itakrid.icu^
||itjcqlp.icu^
||itqseeh.icu^
||itqwesk.icu^
||itqyik.icu^
||iugvoo.icu^
||ix4.icu^
||izopsg.icu^
||jazppd.icu^
||jbbydz.icu^
||jcppcmqa.icu^
||jcwlsofn.icu^
||jdqmhay.icu^
||jebrhb.icu^
||jfrrnf.icu^
||jgapcsi.icu^
||jgxirv.icu^
||jhrulp.icu^
||jipxzz.icu^
||jitdlj.icu^
||jixurt.icu^
||jjfufv.icu^
||jjplaqyo.icu^
||jldsfd.icu^
||jltwxisa.icu^
||jmipzsn.icu^
||jmjslz.icu^
||jo4.icu^
||jowkkzx.icu^
||jphyjv.icu^
||jpwsuix.icu^
||jrblfv.icu^
||jsgapai.icu^
||jshilr.icu^
||jslxzx.icu^
||jthotb.icu^
||juutckrt.icu^
||jwhjqjfl.icu^
||jxtcbriz.icu^
||jxtmnp.icu^
||jy7.icu^
||jyzmtl.icu^
||k5uj.icu^
||k9u.icu^
||kasgge.icu^
||kawxkg.icu^
||kbygma.icu^
||kcglsiv.icu^
||kdzgrvn.icu^
||kfocken.icu^
||kiolpia.icu^
||kiykfux.icu^
||kjnsgqe.icu^
||klaayg.icu^
||klmohbk.icu^
||kloojzn.icu^
||kmcjai.icu^
||kmqaek.icu^
||kpogse.icu^
||kwsugo.icu^
||kxkask.icu^
||kxygsjv.icu^
||kxyumk.icu^
||kzaawga.icu^
||lazzrv.icu^
||lbfuvlyp.icu^
||lbfwxr.icu^
||lbjekygz.icu^
||lbqdaua.icu^
||lclqbh.icu^
||lcvwdn.icu^
||ldbnhd.icu^
||ldjfsdku.icu^
||leagsmk.icu^
||ledfjl.icu^
||ledwtz.icu^
||lelczf.icu^
||lfbupf.icu^
||lfflvh.icu^
||lftcph.icu^
||lgkocdi.icu^
||lhranp.icu^
||lhxolz.icu^
||lidrhb.icu^
||lihatt.icu^
||ljvc0.icu^
||lkqaq.icu^
||lmldxd.icu^
||lnptph.icu^
||locpikbb.icu^
||lofqvl.icu^
||lppfnf.icu^
||lqfctb.icu^
||lqlwjr.icu^
||lsxvnzif.icu^
||lsyaicl.icu^
||lthuvb.icu^
||ltvutlyu.icu^
||lumvkebr.icu^
||luxrbx.icu^
||luyarvx.icu^
||lwnxzp.icu^
||lwtupzua.icu^
||lwvrv.icu^
||lwzgfp.icu^
||lxpgll.icu^
||lyfdrh.icu^
||m51.icu^
||m6d.icu^
||megydyk.icu^
||mhoiia.icu^
||mhqcyar.icu^
||mhwy6.icu^
||miefow.icu^
||mjbidlg.icu^
||mjufus.icu^
||mm1qj.icu^
||moqdy.icu^
||msslwa.icu^
||mtiicw.icu^
||muiuim.icu^
||muwqiga.icu^
||mwgooq.icu^
||mxafaw.icu^
||mzpecui.icu^
||n7a.icu^
||n8u.icu^
||naivtyu.icu^
||nbdtdt.icu^
||nbpczr.icu^
||ncjqjp.icu^
||ncvwnp.icu^
||ndlwtl.icu^
||ndysxhs.icu^
||nebzrn.icu^
||nevfbf.icu^
||nftfdj.icu^
||nfxonb.icu^
||ngjfjf.icu^
||ngxzkaxf.icu^
||nh7.icu^
||nijlfx.icu^
||njnhzh.icu^
||njpilt.icu^
||nktydx.icu^
||nljyjt.icu^
||nm2.icu^
||nmhbmfxh.icu^
||nmmemzi.icu^
||nmtkbv.icu^
||nmzbrd.icu^
||nnfbxz.icu^
||nnntxx.icu^
||npvcfn.icu^
||nqlzlr.icu^
||nqyrywn.icu^
||nrbwzh.icu^
||nroeoxk.icu^
||nslfhb.icu^
||ntiutox.icu^
||ntpnfyga.icu^
||nuiknnf.icu^
||nutlzt.icu^
||nvpokyko.icu^
||nx8.icu^
||nxdefd.icu^
||nyjelh.icu^
||nzpvpp.icu^
||o3t.icu^
||o8s.icu^
||o8zoz.icu^
||oaatyq.icu^
||oaokes.icu^
||obwnaon.icu^
||oesnwi.icu^
||ofincm.icu^
||ohtusgy.icu^
||okikwul.icu^
||oljqmw.icu^
||on5ga.icu^
||onwnomv.icu^
||oo3z.icu^
||oogqem.icu^
||opwqkq.icu^
||oqaejin.icu^
||oqipegjz.icu^
||oqmqqm.icu^
||osuwwk.icu^
||otkwcg.icu^
||otoieku.icu^
||ouplc.icu^
||ov8ct.icu^
||owsrgljb.icu^
||pakaujf.icu^
||paphzz.icu^
||pavwrr.icu^
||pbfefd.icu^
||pblwxn.icu^
||pcxnrr.icu^
||peclevnl.icu^
||pevpbx.icu^
||pfbmht.icu^
||pfdqvf.icu^
||pg2bk.icu^
||pghglj.icu^
||phxdrf.icu^
||pinjzp.icu^
||pjaihds.icu^
||pjbbhj.icu^
||pkvjrb.icu^
||plfwxtgu.icu^
||plthnh.icu^
||pmgfwya.icu^
||pmnyzf.icu^
||pmwofrq.icu^
||pmzhtd.icu^
||pnpbjt.icu^
||pofbpx.icu^
||ppbtdj.icu^
||ppxndfgf.icu^
||pqfpvb.icu^
||pqhtjn.icu^
||ptrmnx.icu^
||puhmtt.icu^
||pviasld.icu^
||pvk2e.icu^
||pwaihoe.icu^
||pwrgcxaj.icu^
||pxrbnf.icu^
||pxyjqea.icu^
||pytexb.icu^
||pyxytj.icu^
||pzzedx.icu^
||q1bp.icu^
||q2usj.icu^
||q8q.icu^
||qaqvec.icu^
||qbibsy.icu^
||qdjsiyt.icu^
||qgg7e.icu^
||qidzwhfp.icu^
||qimsgi.icu^
||qkgllif.icu^
||qlkysc.icu^
||qm2.icu^
||qmavyy.icu^
||qnqtgyq.icu^
||qnvwjpr.icu^
||qonbibff.icu^
||qphkuua.icu^
||qqganna.icu^
||qqxi6.icu^
||qwcpme.icu^
||qxeymg.icu^
||r4u.icu^
||rajxjj.icu^
||ralyxv.icu^
||rbift.icu^
||rbkmzhc.icu^
||rbsr0.icu^
||rbzupn.icu^
||rdllzz.icu^
||reisyxy.icu^
||rhndvagz.icu^
||rhzofr.icu^
||ribghr.icu^
||rixpbp.icu^
||rjdmhl.icu^
||rjpvnl.icu^
||rjwpwod.icu^
||rjxvff.icu^
||rktjxj.icu^
||rliwiqr.icu^
||rlpbld.icu^
||rmbsfh.icu^
||rmfbrz.icu^
||rmtxdn.icu^
||rnwenpn.icu^
||roxwusak.icu^
||rpfuvj.icu^
||rqhajf.icu^
||rqvrbf.icu^
||rrptnkao.icu^
||rrxapb.icu^
||rsyepnq.icu^
||rtfgvz.icu^
||ruvgbv.icu^
||rvnaxwqe.icu^
||rvxmlj.icu^
||rvxsvwqf.icu^
||rwdjrn.icu^
||rwtezd.icu^
||rxzefz.icu^
||rykhukxt.icu^
||ryvvzl.icu^
||satfyxbt.icu^
||sduaiy.icu^
||sgozmks.icu^
||sh5.icu^
||shigao.icu^
||siodgs.icu^
||sivxobpn.icu^
||sjluuom.icu^
||sn9.icu^
||snnmgdt.icu^
||snueirk.icu^
||sslir.icu^
||ssqxuy.icu^
||stgxau.icu^
||stsgus.icu^
||sv2fo.icu^
||sv5nm.icu^
||swedmo.icu^
||swqmuo.icu^
||symjgg.icu^
||szxf4.icu^
||t7t.icu^
||tbbfdr.icu^
||tdzqoewz.icu^
||tezlpl.icu^
||tfzah.icu^
||tgb1l.icu^
||tghrfv.icu^
||thdjtp.icu^
||ti4la.icu^
||titjzl.icu^
||tjfavx.icu^
||tjvcffap.icu^
||tljrvn.icu^
||tmjzlr.icu^
||tmvirr.icu^
||tndbnriz.icu^
||tnfno.icu^
||tnlixn.icu^
||tqanmatx.icu^
||tqjojh.icu^
||trjfoagf.icu^
||tsbrzz.icu^
||tshmhp.icu^
||tttddb.icu^
||ttxjnt.icu^
||tu6.icu^
||tuhmkjce.icu^
||tuxpfiok.icu^
||tvzapt.icu^
||twxftd.icu^
||txnczz.icu^
||tyaduqq.icu^
||tztmqvga.icu^
||u57.icu^
||u5ps5.icu^
||u6u.icu^
||ua2.icu^
||uaqdgrfr.icu^
||udwlki.icu^
||ueyuww.icu^
||ufeuca.icu^
||ufiidvv.icu^
||ugajiwft.icu^
||uiqouw.icu^
||uk0.icu^
||ukkiftx.icu^
||uposnmb.icu^
||upufkg.icu^
||uqkcqk.icu^
||urpkktc.icu^
||utbyvyl.icu^
||uturiw.icu^
||uvwnkmf.icu^
||uwsaqoi.icu^
||uyyquln.icu^
||uziisk.icu^
||vbllxaaj.icu^
||vdpwuxmo.icu^
||vehohx.icu^
||vftrfmia.icu^
||vh8.icu^
||vhrhnh.icu^
||vhxzfz.icu^
||vitqzd.icu^
||vjzqfh.icu^
||vjzvgvgz.icu^
||vkbxaixl.icu^
||vmxvcjuf.icu^
||vnuuh.icu^
||vokzqgjp.icu^
||vopzhl.icu^
||vplrvf.icu^
||vqbrbb.icu^
||vrdfxioe.icu^
||vrinqop.icu^
||vryoacs.icu^
||vtbkhl.icu^
||vtdgfisz.icu^
||vudqth.icu^
||vuirssd.icu^
||vvfgjzwa.icu^
||vxpnld.icu^
||w59g.icu^
||wamceq.icu^
||wbczkm.icu^
||wcsmvmf.icu^
||weewci.icu^
||wf7.icu^
||whrwlxg.icu^
||wi1f.icu^
||wigqae.icu^
||wiiytwd.icu^
||wkabios.icu^
||wliksa.icu^
||wlkukrv.icu^
||wlwgloo.icu^
||wmktew.icu^
||wmwcym.icu^
||wmykyw.icu^
||wnojded.icu^
||wpizqi.icu^
||wrdamoe.icu^
||wsgnihbh.icu^
||wt6.icu^
||wuyjtew.icu^
||wwmnga.icu^
||wxynyij.icu^
||wyvpkmbj.icu^
||x4d.icu^
||xa7j.icu^
||xbfebqya.icu^
||xcwdcynb.icu^
||xebetp.icu^
||xedlxeuz.icu^
||xehyjx.icu^
||xfxvpt.icu^
||xggcyef.icu^
||xjtosdof.icu^
||xkgttas.icu^
||xliuits.icu^
||xmpzln.icu^
||xmvqzd.icu^
||xnqboqc.icu^
||xnqxocz.icu^
||xpicj0.icu^
||xplbxx.icu^
||xqrydt.icu^
||xsrezl.icu^
||xtdvvp.icu^
||xu6.icu^
||xuakn.icu^
||xufyxhiu.icu^
||xutvbt.icu^
||xvvfpsmp.icu^
||xxqmtod.icu^
||y0mwy.icu^
||y4l.icu^
||y7ts.icu^
||yeuviq.icu^
||ygipjqf.icu^
||ygoibya.icu^
||yhsbgm.icu^
||yiucfif.icu^
||yiukig.icu^
||yiybmi.icu^
||yj2nf.icu^
||yjoyse.icu^
||yjwxegq.icu^
||ylghac.icu^
||ymgbwkw.icu^
||ymmegy.icu^
||yqlzccxn.icu^
||ysavom.icu^
||ytqvuq.icu^
||yugjwgg.icu^
||yugqqqq.icu^
||ywakoc.icu^
||yxjcyxy.icu^
||yxqhuy.icu^
||yxrmbjw.icu^
||yxvyqyy.icu^
||z3zex.icu^
||z4v.icu^
||z8t.icu^
||z9k7.icu^
||zabpgtjh.icu^
||zavgrj.icu^
||zbldxf.icu^
||zcnmjb.icu^
||zcrddj.icu^
||zcypmsp.icu^
||zdscdkc.icu^
||zfwgn.icu^
||zio8.icu^
||zjib0.icu^
||zkdefuiz.icu^
||zlzgfj.icu^
||zmpgln.icu^
||zmvopcio.icu^
||znlvhnej.icu^
||zofmhx.icu^
||zqifmyt.icu^
||zr3.icu^
||ztlkngyj.icu^
||zumneojf.icu^
||zwdrjdyf.icu^
||zwgqzgo.icu^
||zzohucf.icu^
||qiji1.jdwx.info^
||yzldy.info^
||mihoutao1868.github.io^
||jili9.io^
||p.7060.la^
||web.900.la^
||tt.biquge.la^
||1.xuexi.la^
||1002.men^
||874547.men^
||x.yaohuo.me^
||0592.mobi^
||bld.mobi^
||hulichuang.mobi^
||img.0279.net^
||img1.126.net^
||img2.126.net^
||img3.126.net^
||yt-adp.ws.126.net^
||pg-ad-b1.nosdn.127.net^
||yt-adp.nosdn.127.net^
||abody.39.net^
||d-test.39.net^
||thetestpage.39.net^
||c1.4qx.net^
||b1.51scw.net^
||dm.66qw.net^
||a.78yx.net^
||hdapp1003-a.akamaihd.net^
||hdapp1008-a.akamaihd.net^
||hdsrc-a.akamaihd.net^
||dsp.ali213.net^
||bda1.ayule.net^
||b1.b2b168.net^
||bd-s.baixing.net^
||script-bd.baixing.net^
||xs.houyi.baofeng.net^
||2016.bkill.net^
||cacafly.net^
||chong-wu.net^
||d13jhr4vol1304.cloudfront.net^
||d15cjcet1djbmv.cloudfront.net^
||d1pmhihatyvp1k.cloudfront.net^
||d1zoi2q7y0e4d.cloudfront.net^
||d2un76zvb5mgzx.cloudfront.net^
||d37d9zbli5ytch.cloudfront.net^
||d3d7a0q05k6bvz.cloudfront.net^
||d3iih5w7xp5hdg.cloudfront.net^
||dgaxrjj0jwpwp.cloudfront.net^
||adp.cnki.net^
||jsf.cnlinfo.net^
||adi*.cnool.net^
||adp.cnool.net^
||baidu1.codejie.net^
||phpad.cqnews.net^
||daima.diaoben.net^
||code.ditiezu.net^
||ad-img.diyidan.net^
||wew.dushiwenxue.net^
||eyqbpifffccdc.net^
||img.ferlie.net^
||bdad.gaotie.net^
||mg.glwxw.net^
||guanjiabo.net^
||bdjs.gushiju.net^
||hanlinzhijia.net^
||hiad.myweb.hinet.net^
||p8u.hinet.net^
||ssp.hinet.net^
||abc.hkepc.net^
||hy.huangye88.net^
||a3.jandan.net^
||dm.jb51.net^
||1.jeasyui.net^
||js22f.net^
||panda.kdnet.net^
||ssp.kdnet.net^
||super.kdnet.net^
||bdjj.makepolo.net^
||ma1.meishij.net^
||a.mfcad.net^
||ssp.moeli.net^
||cdnjs.mopair-erm.net^
||fp.nanrenwo.net^
||ggdm1.nhaidu.net^
||mm.nwell.net^
||mm.paizi.net^
||btn.pchome.net^
||y.photoint.net^
||1.qjhm.net^
||a.qncye.net^
||dm.sanwen.net^
||ee.shixunwang.net^
||dai.siyuetian.net^
||1.sj33.net^
||bd1.sosg.net^
||a1.syfj.net^
||ad.szhsx.net^
||gold.szonline.net^
||51tongji.trafficmanager.net^
||cnzz.trafficmanager.net^
||hash.trafficmanager.net^
||ts166.net^
||1.ttxs123.net^
||tx99y.net^
||wenxue.weimeifan.net^
||xh33g.net^
||xn--w9q675dm1p7em.net^
||1.yac8.net^
||yetacdn.net^
||fdfghgfdd.yunqishi.net^
||enews10.yxlady.net^
||zgisp.net^
||a1.zhanzhang.net^
||gk1.zjbiz.net^
||zoom.zshu.net^
||a.zuowenku.net^
||dm.zuowenku.net^
||img.zuowenwang.net^
||ad.52av.one^
||91ks.online^
||adasset.ethersaga.online^
||lywaelm.online^
||ussxvwu.online^
||0941.org^
||17282.org^
||3400.org^
||5gxs.org^
||6109.org^
||76e.org^
||gxqzz.7766.org^
||7yt.org^
||21.cizhibaogao.org^
||aa.gushiwen.org^
||yijiuningyia.gushiwen.org^
||jigool.org^
||321.jintang114.org^
||jibn12.jintang114.org^
||m1.jintang114.org^
||edu.jiukang.org^
||main.jiukang.org^
||news.jiukang.org^
||tech.jiukang.org^
||liuxuedang.org^
||mlgowell.org^
||gg86.pinggu.org^
||river49xx.org^
||staitcfile.org^
||usgowell.org^
||yetacdn.org^
||oliver.pub^
||sg7.pw^
||u7y.pw^
||blasedustin.shop^
||dajs001.shop^
||wu2088-603.shop^
||wu2088-604.shop^
||wu2088-605.shop^
||wu2088-606.shop^
||wu2088-607.shop^
||wu2088-608.shop^
||6888.site^
||baigh8eosmgie01.site^
||baigh8eosmgie02.site^
||hongi7ie8owiie01.site^
||hongi7ie8owiie02.site^
||hongi7ie8owiie03.site^
||jiuab8eig2oateh01.site^
||ogbt4k.site^
||0a0atz2sh.top^
||0m9mjmrd.top^
||1f0l.top^
||21cfhm0s1.top^
||2u1h56851n.top^
||3ff6kjylmjs.top^
||5b025cnm.top^
||6c641lgikp.top^
||6zmcb1x9fn.top^
||786yfvedhcbxjk.top^
||gg.7976.top^
||7f583jylmjs.top^
||88ad.top^
||8u6stvyww.top^
||9vviyje1s.top^
||academic96.top^
||ads-6686.top^
||agenter32.top^
||ahqihkm.top^
||ajoxxit.top^
||amusementt3.top^
||amyapad.top^
||anemonew33.top^
||ao1118kas.top^
||ao1120kas.top^
||ao1122kas.top^
||ao1123kas.top^
||ao1201kas.top^
||aoao11111iis.top^
||aoao11120iis.top^
||aoao11121iis.top^
||aoao11201iis.top^
||aoao11211iis.top^
||aoao12011iis.top^
||apiiksn.top^
||assure66.top^
||aubergineq8.top^
||aushaq.top^
||azaleada1.top^
||bapa215.top^
||bbcz4tta.top^
||bbjzly.top^
||bclimiv.top^
||bdamcsv.top^
||bdblpy.top^
||behavior65.top^
||bhddjf.top^
||bhdnti.top^
||bjimtyv.top^
||bkiterv.top^
||bloom331.top^
||bmasamd.top^
||bnbwvp.top^
||boubliv.top^
||bptnzp.top^
||bqdhrr.top^
||brownnx.top^
||btcili.top^
||btimiyv.top^
||bubmhm.top^
||bucnmtv.top^
||bucnwtv.top^
||budgetea.top^
||buresdv.top^
||bvcnmtv.top^
||bwcnmtv.top^
||bwilmiv.top^
||bwurserv.top^
||c08ls11j.top^
||cadence33.top^
||camerain.top^
||ccinmaf.top^
||ccinvdf.top^
||cclimif.top^
||ccokamif.top^
||cdinmaf.top^
||cdomsif.top^
||cdyurlif.top^
||cfwlvmg.top^
||ch17axocue.top^
||cherrya04.top^
||cigoqcq.top^
||cinemaup.top^
||cjimtyf.top^
||clarityid.top^
||cliffed.top^
||cnwuamf.top^
||comparisonn4.top^
||cosmo100.top^
||coublif.top^
||couvxlif.top^
||ctimiyf.top^
||cucnmtf.top^
||curesdf.top^
||cwaterf.top^
||cwcnmtf.top^
||cweisif.top^
||cweizaf.top^
||cwilmif.top^
||cyjqgpf.top^
||daiwofei2019.top^
||dajiahao3.top^
||dalofq.top^
||dayujs.top^
||dbigboq.top^
||def2g1kz2t.top^
||dgjhrv.top^
||dlngzx.top^
||dnjxds.top^
||dogwoode09.top^
||dpjbpj.top^
||drlzlc.top^
||dtauda3232.top^
||dtdqpc.top^
||dunkhj.top^
||dyyygyg.top^
||ecinvdw.top^
||eclimiw.top^
||edamcsw.top^
||edinmaw.top^
||edyurliw.top^
||ejimtyw.top^
||enjoyup29.top^
||js.entm.top^
||enwuamw.top^
||enwucnw.top^
||eoubliw.top^
||eouvxliw.top^
||epmumb34x.top^
||etdggwj.top^
||euazwot.top^
||eucnwtw.top^
||euresdw.top^
||evcnmtw.top^
||ewaterw.top^
||ewcnmtw.top^
||eweisiw.top^
||eweizaw.top^
||ewilmiw.top^
||ewurserw.top^
||existences2.top^
||exocoed.top^
||fadjqqe.top^
||familly56.top^
||fanjs.top^
||fevrvd.top^
||fflbpi.top^
||fheiu43bcdhsj.top^
||finallyy2.top^
||fingerly63.top^
||fk3nf1xeh.top^
||fktaxk.top^
||adasset.flixfiend.top^
||fmlmbf.top^
||fngmeat.top^
||fqnojp.top^
||fsjfnp.top^
||fttzfw.top^
||fvlqjw.top^
||fznidd.top^
||gardenian8.top^
||geqzt6tkg.top^
||gherkinly.top^
||gjinuqg.top^
||glancetree.top^
||gmso01010oka.top^
||gmso12251oka.top^
||gmso12261oka.top^
||gmso12271oka.top^
||gmwqpgq.top^
||gn01.top^
||goose64.top^
||gsdcbsjh55xsc.top^
||hahaql.top^
||haokoubei.top^
||haole1xx.top^
||harmony573.top^
||hauqks.top^
||hauqou.top^
||hawthorng66.top^
||hbeafcac.top^
||hchus5739dmew.top^
||hcinmau.top^
||hcinvdu.top^
||hclimiu.top^
||hcokamiu.top^
||hdamcsu.top^
||hdbltq.top^
||hdinmau.top^
||hdinmiu.top^
||hdomsiu.top^
||hdyurliu.top^
||healthys09.top^
||henqnv.top^
||hfttufu4jo.top^
||hftxbq.top^
||hjimtyu.top^
||hjvprx.top^
||hjvzfa.top^
||hnwuamu.top^
||hnwucnu.top^
||hodynx.top^
||houbliu.top^
||houvxliu.top^
||hptidc.top^
||hsvtdj.top^
||htimiyu.top^
||huresdu.top^
||hwateru.top^
||hwcnmtu.top^
||hweisiu.top^
||hweizau.top^
||hwilmiu.top^
||hwurseru.top^
||hyjqgpu.top^
||iaiqk.top^
||icinmao.top^
||icinvdo.top^
||iclimio.top^
||icokamio.top^
||idamcso.top^
||idomsio.top^
||idyurlio.top^
||ijimtyo.top^
||imgmin133.top^
||imgoss820.top^
||insideex.top^
||inwuamo.top^
||inwucno.top^
||ioublio.top^
||iouvxlio.top^
||itimiyo.top^
||iucnwto.top^
||iuresdo.top^
||iwatero.top^
||iwcnmto.top^
||iweisio.top^
||iweizao.top^
||iwilmio.top^
||iwursero.top^
||iyjqgpo.top^
||iyqbsst.top^
||jauql.top^
||jcdard.top^
||jcfbgdbd.top^
||jcinmaa.top^
||jcinvda.top^
||jclimia.top^
||jcokamia.top^
||jdamcsa.top^
||jdinmia.top^
||jdomsia.top^
||jdyurlia.top^
||jesfsf.top^
||jguhqbe.top^
||jibjpk.top^
||jibtdn.top^
||jingjs.top^
||jjimtya.top^
||jktkhn.top^
||jnjslk.top^
||jnwuama.top^
||jnwucna.top^
||joublia.top^
||jovcbp.top^
||jrbnxw.top^
||jsqygwl.top^
||jtdltu.top^
||jtimiya.top^
||jucnwta.top^
||juresda.top^
||justapp.top^
||jwatera.top^
||jwcnmta.top^
||jweisia.top^
||jweizaa.top^
||jwilmia.top^
||jwjwtw.top^
||jwursera.top^
||kcinmad.top^
||kcinvdd.top^
||kclimid.top^
||kcokamid.top^
||kdamcsd.top^
||kdinmid.top^
||kdomsid.top^
||kdyurlid.top^
||kitchenfu47.top^
||kjimtyd.top^
||knwuamd.top^
||knwucnd.top^
||koublid.top^
||ktimiyd.top^
||kucnwtd.top^
||kuresdd.top^
||kwaterd.top^
||kwcnmtd.top^
||kweisid.top^
||kweizad.top^
||kwilmid.top^
||kwurserd.top^
||lalabaos1020.top^
||lalabaos1021.top^
||lalabaos1025.top^
||lalabaos1101.top^
||laoqo.top^
||lbjupq.top^
||lcidauv.top^
||lclimil.top^
||ldamcsl.top^
||ldinmal.top^
||lgndhq.top^
||lhdnba.top^
||ljimtyl.top^
||lkiterl.top^
||lkmgjfkhfh.top^
||loublil.top^
||lqdcvj.top^
||lsjarh.top^
||ltimiyl.top^
||lubrzh.top^
||lucnmtl.top^
||lucnwtl.top^
||luresdl.top^
||lvcnmtl.top^
||lvllnj.top^
||lwcnmtl.top^
||lweizal.top^
||lwilmil.top^
||lwurserl.top^
||magnolian07.top^
||marketpd4.top^
||mclimix.top^
||mdamcsx.top^
||mfkfkhfhmfkfkhfh.top^
||mgrwaui4.top^
||a.miyudaquan.top^
||mjimtyx.top^
||mkiterx.top^
||ml4xbwg73.top^
||mollified.top^
||mtimiyx.top^
||mucnmtx.top^
||mucnwtx.top^
||muresdx.top^
||musthroom9.top^
||mvcnmtx.top^
||mwcnmtx.top^
||mwilmix.top^
||mwurserx.top^
||n0ocxl4w5g.top^
||n72bn5s7uu.top^
||naljjd.top^
||nalyxg.top^
||needle058.top^
||nftxfd.top^
||ngjcvn.top^
||niu05150jd.top^
||niu05151jd.top^
||niu05160jd.top^
||niu05161jd.top^
||niu05170jd.top^
||niu05171jd.top^
||niu05180jd.top^
||nlnlrn.top^
||nnglgliginnglgligi.top^
||nogogey.top^
||nrlupu.top^
||nrqrbwi.top^
||nsvohb.top^
||nunflw.top^
||oaiqksi.top^
||oclimik.top^
||odamcsk.top^
||odinmak.top^
||ojimtyk.top^
||ok5xe6r7o.top^
||okiterk.top^
||okwjmii.top^
||onjncgq.top^
||ooublik.top^
||orangevd.top^
||oshaq.top^
||otimiyk.top^
||oucnmtk.top^
||ouresdk.top^
||ovcnmtk.top^
||owcnmtk.top^
||oweisik.top^
||oweizak.top^
||owilmik.top^
||owurserk.top^
||pbgufjylmzsym.top^
||pdochgl.top^
||perspective44.top^
||petalen88.top^
||pevmdv.top^
||pflwta.top^
||pgyfzyv.top^
||pktfla.top^
||poiejdhmkjcnd.top^
||popularr3.top^
||ppio12181ios.top^
||ppio12191ios.top^
||ppio12200ios.top^
||pqnonh.top^
||prbibo.top^
||pttzjo.top^
||pvvxfh.top^
||pxvbnt.top^
||pznnvt.top^
||qcinvdy.top^
||qclimiy.top^
||qdamcsy.top^
||qdasflqe.top^
||qdinmay.top^
||qdqppsl.top^
||qgaxkkv.top^
||qjimtyy.top^
||qkitery.top^
||qnwuamy.top^
||qnwucny.top^
||qoubliy.top^
||qouvxliy.top^
||qtimiyy.top^
||qucnmty.top^
||qucnwty.top^
||quresdy.top^
||qvcnmty.top^
||qwcnmty.top^
||qweisiy.top^
||qweizay.top^
||qwilmiy.top^
||qwursery.top^
||qywbslk.top^
||r5twojylmzsym.top^
||radishon33.top^
||rbjpti.top^
||rdbgxi.top^
||receiptgg.top^
||rfgsdgg.top^
||rhdifs.top^
||rjvzjn.top^
||rptdhu.top^
||rswqfiy.top^
||rubmdu.top^
||rudhjah.top^
||rvgtaai.top^
||rwbqll.top^
||rxdxzb.top^
||rythtg.top^
||sbqg7jylmzsym.top^
||scinmab.top^
||scinvdb.top^
||sclimib.top^
||sdamcsb.top^
||sdgsheh.top^
||sdnc.top^
||sdwrghcv.top^
||sdyurlib.top^
||sfile.top^
||sheeplm.top^
||showkkkp.top^
||sjimtyb.top^
||snwuamb.top^
||snwucnb.top^
||soublib.top^
||spoaven.top^
||squarewave.top^
||ssydquy.top^
||stimiyb.top^
||strawberryy14.top^
||sucnwtb.top^
||sunflowers66.top^
||sunglasse2.top^
||suresdb.top^
||svcnmtb.top^
||swaterb.top^
||swcnmtb.top^
||sweisib.top^
||sweizab.top^
||swilmib.top^
||swurserb.top^
||tcdkjy.top^
||tcdvvv.top^
||tcinvdi.top^
||tclimii.top^
||td86hsmlmggym.top^
||tdamcsi.top^
||tdinmai.top^
||tgjxzf.top^
||thljnv.top^
||tiboha.top^
||tjimtyi.top^
||tkiteri.top^
||tmdqlk.top^
||tnwuami.top^
||tnwucni.top^
||toazdkl.top^
||tongueq2.top^
||toublii.top^
||touvxlii.top^
||trlptm.top^
||trohycv.top^
||truell55.top^
||ttdgbh.top^
||ttimiyi.top^
||tucnmti.top^
||tucnwti.top^
||turesdi.top^
||tvcnmti.top^
||twcnmti.top^
||tweisii.top^
||tweizai.top^
||twilmii.top^
||twjrxo.top^
||twurseri.top^
||u408n6z4f.top^
||u7wnylbb28.top^
||uclimit.top^
||udamcst.top^
||udinmat.top^
||uewotga.top^
||ujimtyt.top^
||ukitert.top^
||umbrella6.top^
||universe7.top^
||unwuamt.top^
||unwucnt.top^
||uoublit.top^
||uouvxlit.top^
||upwards44.top^
||utimiyt.top^
||uu09cjylmzsym.top^
||uuajq.top^
||uucnmtt.top^
||uucnwtt.top^
||uuresdt.top^
||uvcnmtt.top^
||uwcnmtt.top^
||uweisit.top^
||uweizat.top^
||uwilmit.top^
||uwursert.top^
||vaykjwn.top^
||vbjzdl.top^
||vgnyli.top^
||violetop33.top^
||virtual2.top^
||vljkjx.top^
||vmlrxs.top^
||vnbbrx.top^
||vogue99.top^
||vqaj6smlmtpym.top^
||vqnjrz.top^
||vsjavu.top^
||vvllrb.top^
||w3019cdt.top^
||wcinvde.top^
||wclimie.top^
||wcwkcus.top^
||wdamcse.top^
||wdinmae.top^
||wdxxx.top^
||widespread1.top^
||wiiytwd.top^
||wjimtye.top^
||wkitere.top^
||wlwgloo.top^
||wnwuame.top^
||wnwucne.top^
||woublie.top^
||wouvxlie.top^
||wucnmte.top^
||wucnwte.top^
||ad.wurangxian.top^
||wuresde.top^
||wvcnmte.top^
||wwcnmte.top^
||wweisie.top^
||wweizae.top^
||wwilmie.top^
||wwursere.top^
||wxjuobn1026.top^
||xftsjv.top^
||xjvunf.top^
||xlnlvf.top^
||xrlzhk.top^
||xsvyvr.top^
||xwtylm.top^
||yaaumqa.top^
||yhgfsdad.top^
||yoqqiev.top^
||yqrsdfh.top^
||yxqmryq.top^
||zcdfnl.top^
||zevwrl.top^
||zhwzsym.top^
||zibjls.top^
||zktats.top^
||zlgame.top^
||zqntbc.top^
||zrbnte.top^
||ztdbfz.top^
||zttebe.top^
||zvvsjz.top^
||ad.52av.tv^
||bas.boshi.tv^
||daima.ijq.tv^
||lm.ijq.tv^
||adsc.wasu.tv^
||ad.bobi.tw^
||admsapi.businessweekly.com.tw^
||admd.housefun.com.tw^
||aitongji.vip^
||kaiyuantp.vip^
||majile.vip^
||tc911.vip^
||xianliao.voto^
||wap1.laogu.wang^
||synergyat.work^
||zcck60eqyw.world^
||5891344.xn--j1amh^
||01210sop.xyz^
||01211sop.xyz^
||01221sop.xyz^
||01231sop.xyz^
||01240sop.xyz^
||06789.xyz^
||0er7pc8.xyz^
||1iohncj.xyz^
||444223564.xyz^
||4ifhpfi1.xyz^
||558158.xyz^
||591520.xyz^
||5odd5zsn.xyz^
||609999.xyz^
||6qyxeob.xyz^
||918000.xyz^
||990215.xyz^
||adfsda005.xyz^
||aos01070ss.xyz^
||aos01080ss.xyz^
||apk02061oo.xyz^
||apk02070oo.xyz^
||as01271kkp.xyz^
||as01280kkp.xyz^
||as01281kkp.xyz^
||as02010kkp.xyz^
||bedzbu.xyz^
||bei5029.xyz^
||bjfsk.xyz^
||bovytl.xyz^
||caomeixz7.xyz^
||caomeixz8.xyz^
||cui3875.xyz^
||dai9146.xyz^
||ddlzlr.xyz^
||diendh.xyz^
||djsxm.xyz^
||eiyu7532.xyz^
||enkvum.xyz^
||epxlt.xyz^
||erqtga.xyz^
||eskux.xyz^
||ffbdbx.xyz^
||fijipic.xyz^
||fou2684.xyz^
||gai1359.xyz^
||geuba.xyz^
||gyunce.xyz^
||hhrerv.xyz^
||hua4207.xyz^
||iairuo.xyz^
||iggbky.xyz^
||is02041qqp.xyz^
||is02050qqp.xyz^
||iwpkp.xyz^
||ixbua.xyz^
||jia6983.xyz^
||jizxnr.xyz^
||jqs77n9x.xyz^
||jyxzrb.xyz^
||kai5741.xyz^
||kpmsoq.xyz^
||kvkcei.xyz^
||lnnahh.xyz^
||lui8426.xyz^
||lxpbdp.xyz^
||mvwitz.xyz^
||nl2cq0jr.xyz^
||nois5gj.xyz^
||npdbxf.xyz^
||nzfcvv.xyz^
||okpp01021.xyz^
||okpp01030.xyz^
||okpp01031.xyz^
||okpp01040.xyz^
||okpp12311.xyz^
||pbvdlb.xyz^
||b7sw62.pingshu8.xyz^
||pjb9gv9.xyz^
||popsvg.xyz^
||prtfpl.xyz^
||qcixkb1.xyz^
||qdoeki.xyz^
||qiu4592.xyz^
||ra10.xyz^
||rbjwels.xyz^
||rcdwhp.xyz^
||rdxqbp.xyz^
||rsohvot.xyz^
||ruancq.xyz^
||sai7348.xyz^
||sbmhqe.xyz^
||scjtfh.xyz^
||sksbgm.xyz^
||tarvrf.xyz^
||tbyfz.xyz^
||tciqgx.xyz^
||thrzbf.xyz^
||uewzjy.xyz^
||uhi02121uik.xyz^
||uhi02130uik.xyz^
||um5xcgngmart.xyz^
||umwcyw.xyz^
||uuso05072qhs.xyz^
||uuso05080qhs.xyz^
||uuso05081qhs.xyz^
||uuso05082qhs.xyz^
||uvoisbg.xyz^
||vjharl.xyz^
||vmcnl.xyz^
||vpydjogaytpg.xyz^
||vtjbnb.xyz^
||vtrrxqbi.xyz^
||wbkdsg.xyz^
||wcdfxj.xyz^
||wlouqsz.xyz^
||wrsikq.xyz^
||wuiqiq.xyz^
||wusfa.xyz^
||wxfdmri.xyz^
||x0y081e.xyz^
||xlxehr.xyz^
||xmvxo.xyz^
||xoqsxdpx.xyz^
||xudr8vwe.xyz^
||xvzcfh.xyz^
||xxaks01080sspao.xyz^
||xxaks01081sspao.xyz^
||xxaks01091sspao.xyz^
||yao7392.xyz^
||zai1648.xyz^
||zmrmbc.xyz^
||ztgha.xyz^
||zxpaa.xyz^
